2026-03-29 12:54:43,189  INFO      Inicializando webdriver Chrome...
2026-03-29 12:55:16,304  INFO      Acessando http://old.apac.pe.gov.br/meteorologia/monitoramento-pluvio.php
2026-03-29 12:55:21,435  INFO      Iniciando Mesorregião: Sertao_Pernambucano
2026-03-29 12:55:24,351  INFO        Datas: 01/01/1961 a 31/12/1961
2026-03-29 12:56:04,724  ERROR     Erro ao selecionar mesorregião 2601: Message: 
Stacktrace:
	chromedriver!GetHandleVerifier [0x7ff71a10ae35+14915]
	chromedriver!GetHandleVerifier [0x7ff71a10aea0+14980]
	chromedriver!(No symbol) [0x7ff719e6d8fd]
	chromedriver!(No symbol) [0x7ff719ec6d0e]
	chromedriver!(No symbol) [0x7ff719ec701c]
	chromedriver!(No symbol) [0x7ff719f182e7]
	chromedriver!(No symbol) [0x7ff719f14e57]
	chromedriver!(No symbol) [0x7ff719eb9368]
	chromedriver!(No symbol) [0x7ff719eba253]
	chromedriver!GetHandleVerifier [0x7ff71a416da9+320889]
	chromedriver!GetHandleVerifier [0x7ff71a41133b+31ae1b]
	chromedriver!GetHandleVerifier [0x7ff71a433982+33d462]
	chromedriver!GetHandleVerifier [0x7ff71a1280a5+31b85]
	chromedriver!GetHandleVerifier [0x7ff71a130d8c+3a86c]
	chromedriver!GetHandleVerifier [0x7ff71a114304+1dde4]
	chromedriver!GetHandleVerifier [0x7ff71a1144b6+1df96]
	chromedriver!GetHandleVerifier [0x7ff71a0f9047+2b27]
	KERNEL32!BaseThreadInitThunk [0x7ffa2a46e8d7+17]
	ntdll!RtlUserThreadStart [0x7ffa2b86c48c+2c]

2026-03-29 12:56:04,732  ERROR       [ERRO] Falha no ano 1961: Message: 
Stacktrace:
	chromedriver!GetHandleVerifier [0x7ff71a10ae35+14915]
	chromedriver!GetHandleVerifier [0x7ff71a10aea0+14980]
	chromedriver!(No symbol) [0x7ff719e6d8fd]
	chromedriver!(No symbol) [0x7ff719ec6d0e]
	chromedriver!(No symbol) [0x7ff719ec701c]
	chromedriver!(No symbol) [0x7ff719f182e7]
	chromedriver!(No symbol) [0x7ff719f14e57]
	chromedriver!(No symbol) [0x7ff719eb9368]
	chromedriver!(No symbol) [0x7ff719eba253]
	chromedriver!GetHandleVerifier [0x7ff71a416da9+320889]
	chromedriver!GetHandleVerifier [0x7ff71a41133b+31ae1b]
	chromedriver!GetHandleVerifier [0x7ff71a433982+33d462]
	chromedriver!GetHandleVerifier [0x7ff71a1280a5+31b85]
	chromedriver!GetHandleVerifier [0x7ff71a130d8c+3a86c]
	chromedriver!GetHandleVerifier [0x7ff71a114304+1dde4]
	chromedriver!GetHandleVerifier [0x7ff71a1144b6+1df96]
	chromedriver!GetHandleVerifier [0x7ff71a0f9047+2b27]
	KERNEL32!BaseThreadInitThunk [0x7ffa2a46e8d7+17]
	ntdll!RtlUserThreadStart [0x7ffa2b86c48c+2c]

2026-03-29 12:56:10,059  INFO        Datas: 01/01/1962 a 31/12/1962
2026-03-29 12:56:50,435  ERROR     Erro ao selecionar mesorregião 2601: Message: 
Stacktrace:
	chromedriver!GetHandleVerifier [0x7ff71a10ae35+14915]
	chromedriver!GetHandleVerifier [0x7ff71a10aea0+14980]
	chromedriver!(No symbol) [0x7ff719e6d8fd]
	chromedriver!(No symbol) [0x7ff719ec6d0e]
	chromedriver!(No symbol) [0x7ff719ec701c]
	chromedriver!(No symbol) [0x7ff719f182e7]
	chromedriver!(No symbol) [0x7ff719f14e57]
	chromedriver!(No symbol) [0x7ff719eb9368]
	chromedriver!(No symbol) [0x7ff719eba253]
	chromedriver!GetHandleVerifier [0x7ff71a416da9+320889]
	chromedriver!GetHandleVerifier [0x7ff71a41133b+31ae1b]
	chromedriver!GetHandleVerifier [0x7ff71a433982+33d462]
	chromedriver!GetHandleVerifier [0x7ff71a1280a5+31b85]
	chromedriver!GetHandleVerifier [0x7ff71a130d8c+3a86c]
	chromedriver!GetHandleVerifier [0x7ff71a114304+1dde4]
	chromedriver!GetHandleVerifier [0x7ff71a1144b6+1df96]
	chromedriver!GetHandleVerifier [0x7ff71a0f9047+2b27]
	KERNEL32!BaseThreadInitThunk [0x7ffa2a46e8d7+17]
	ntdll!RtlUserThreadStart [0x7ffa2b86c48c+2c]

2026-03-29 12:56:50,435  ERROR       [ERRO] Falha no ano 1962: Message: 
Stacktrace:
	chromedriver!GetHandleVerifier [0x7ff71a10ae35+14915]
	chromedriver!GetHandleVerifier [0x7ff71a10aea0+14980]
	chromedriver!(No symbol) [0x7ff719e6d8fd]
	chromedriver!(No symbol) [0x7ff719ec6d0e]
	chromedriver!(No symbol) [0x7ff719ec701c]
	chromedriver!(No symbol) [0x7ff719f182e7]
	chromedriver!(No symbol) [0x7ff719f14e57]
	chromedriver!(No symbol) [0x7ff719eb9368]
	chromedriver!(No symbol) [0x7ff719eba253]
	chromedriver!GetHandleVerifier [0x7ff71a416da9+320889]
	chromedriver!GetHandleVerifier [0x7ff71a41133b+31ae1b]
	chromedriver!GetHandleVerifier [0x7ff71a433982+33d462]
	chromedriver!GetHandleVerifier [0x7ff71a1280a5+31b85]
	chromedriver!GetHandleVerifier [0x7ff71a130d8c+3a86c]
	chromedriver!GetHandleVerifier [0x7ff71a114304+1dde4]
	chromedriver!GetHandleVerifier [0x7ff71a1144b6+1df96]
	chromedriver!GetHandleVerifier [0x7ff71a0f9047+2b27]
	KERNEL32!BaseThreadInitThunk [0x7ffa2a46e8d7+17]
	ntdll!RtlUserThreadStart [0x7ffa2b86c48c+2c]

2026-03-29 12:56:55,741  INFO        Datas: 01/01/1963 a 31/12/1963
2026-03-29 12:57:36,121  ERROR     Erro ao selecionar mesorregião 2601: Message: 
Stacktrace:
	chromedriver!GetHandleVerifier [0x7ff71a10ae35+14915]
	chromedriver!GetHandleVerifier [0x7ff71a10aea0+14980]
	chromedriver!(No symbol) [0x7ff719e6d8fd]
	chromedriver!(No symbol) [0x7ff719ec6d0e]
	chromedriver!(No symbol) [0x7ff719ec701c]
	chromedriver!(No symbol) [0x7ff719f182e7]
	chromedriver!(No symbol) [0x7ff719f14e57]
	chromedriver!(No symbol) [0x7ff719eb9368]
	chromedriver!(No symbol) [0x7ff719eba253]
	chromedriver!GetHandleVerifier [0x7ff71a416da9+320889]
	chromedriver!GetHandleVerifier [0x7ff71a41133b+31ae1b]
	chromedriver!GetHandleVerifier [0x7ff71a433982+33d462]
	chromedriver!GetHandleVerifier [0x7ff71a1280a5+31b85]
	chromedriver!GetHandleVerifier [0x7ff71a130d8c+3a86c]
	chromedriver!GetHandleVerifier [0x7ff71a114304+1dde4]
	chromedriver!GetHandleVerifier [0x7ff71a1144b6+1df96]
	chromedriver!GetHandleVerifier [0x7ff71a0f9047+2b27]
	KERNEL32!BaseThreadInitThunk [0x7ffa2a46e8d7+17]
	ntdll!RtlUserThreadStart [0x7ffa2b86c48c+2c]

2026-03-29 12:57:36,122  ERROR       [ERRO] Falha no ano 1963: Message: 
Stacktrace:
	chromedriver!GetHandleVerifier [0x7ff71a10ae35+14915]
	chromedriver!GetHandleVerifier [0x7ff71a10aea0+14980]
	chromedriver!(No symbol) [0x7ff719e6d8fd]
	chromedriver!(No symbol) [0x7ff719ec6d0e]
	chromedriver!(No symbol) [0x7ff719ec701c]
	chromedriver!(No symbol) [0x7ff719f182e7]
	chromedriver!(No symbol) [0x7ff719f14e57]
	chromedriver!(No symbol) [0x7ff719eb9368]
	chromedriver!(No symbol) [0x7ff719eba253]
	chromedriver!GetHandleVerifier [0x7ff71a416da9+320889]
	chromedriver!GetHandleVerifier [0x7ff71a41133b+31ae1b]
	chromedriver!GetHandleVerifier [0x7ff71a433982+33d462]
	chromedriver!GetHandleVerifier [0x7ff71a1280a5+31b85]
	chromedriver!GetHandleVerifier [0x7ff71a130d8c+3a86c]
	chromedriver!GetHandleVerifier [0x7ff71a114304+1dde4]
	chromedriver!GetHandleVerifier [0x7ff71a1144b6+1df96]
	chromedriver!GetHandleVerifier [0x7ff71a0f9047+2b27]
	KERNEL32!BaseThreadInitThunk [0x7ffa2a46e8d7+17]
	ntdll!RtlUserThreadStart [0x7ffa2b86c48c+2c]

2026-03-29 12:57:41,426  INFO        Datas: 01/01/1964 a 31/12/1964
2026-03-29 12:58:21,888  ERROR     Erro ao selecionar mesorregião 2601: Message: 
Stacktrace:
	chromedriver!GetHandleVerifier [0x7ff71a10ae35+14915]
	chromedriver!GetHandleVerifier [0x7ff71a10aea0+14980]
	chromedriver!(No symbol) [0x7ff719e6d8fd]
	chromedriver!(No symbol) [0x7ff719ec6d0e]
	chromedriver!(No symbol) [0x7ff719ec701c]
	chromedriver!(No symbol) [0x7ff719f182e7]
	chromedriver!(No symbol) [0x7ff719f14e57]
	chromedriver!(No symbol) [0x7ff719eb9368]
	chromedriver!(No symbol) [0x7ff719eba253]
	chromedriver!GetHandleVerifier [0x7ff71a416da9+320889]
	chromedriver!GetHandleVerifier [0x7ff71a41133b+31ae1b]
	chromedriver!GetHandleVerifier [0x7ff71a433982+33d462]
	chromedriver!GetHandleVerifier [0x7ff71a1280a5+31b85]
	chromedriver!GetHandleVerifier [0x7ff71a130d8c+3a86c]
	chromedriver!GetHandleVerifier [0x7ff71a114304+1dde4]
	chromedriver!GetHandleVerifier [0x7ff71a1144b6+1df96]
	chromedriver!GetHandleVerifier [0x7ff71a0f9047+2b27]
	KERNEL32!BaseThreadInitThunk [0x7ffa2a46e8d7+17]
	ntdll!RtlUserThreadStart [0x7ffa2b86c48c+2c]

2026-03-29 12:58:21,889  ERROR       [ERRO] Falha no ano 1964: Message: 
Stacktrace:
	chromedriver!GetHandleVerifier [0x7ff71a10ae35+14915]
	chromedriver!GetHandleVerifier [0x7ff71a10aea0+14980]
	chromedriver!(No symbol) [0x7ff719e6d8fd]
	chromedriver!(No symbol) [0x7ff719ec6d0e]
	chromedriver!(No symbol) [0x7ff719ec701c]
	chromedriver!(No symbol) [0x7ff719f182e7]
	chromedriver!(No symbol) [0x7ff719f14e57]
	chromedriver!(No symbol) [0x7ff719eb9368]
	chromedriver!(No symbol) [0x7ff719eba253]
	chromedriver!GetHandleVerifier [0x7ff71a416da9+320889]
	chromedriver!GetHandleVerifier [0x7ff71a41133b+31ae1b]
	chromedriver!GetHandleVerifier [0x7ff71a433982+33d462]
	chromedriver!GetHandleVerifier [0x7ff71a1280a5+31b85]
	chromedriver!GetHandleVerifier [0x7ff71a130d8c+3a86c]
	chromedriver!GetHandleVerifier [0x7ff71a114304+1dde4]
	chromedriver!GetHandleVerifier [0x7ff71a1144b6+1df96]
	chromedriver!GetHandleVerifier [0x7ff71a0f9047+2b27]
	KERNEL32!BaseThreadInitThunk [0x7ffa2a46e8d7+17]
	ntdll!RtlUserThreadStart [0x7ffa2b86c48c+2c]

2026-03-29 12:58:27,140  INFO        Datas: 01/01/1965 a 31/12/1965
2026-03-29 12:58:27,347  WARNING   Retrying (Retry(total=2, connect=None, read=None, redirect=None, status=None)) after connection broken by 'ConnectionResetError(10054, 'Foi forçado o cancelamento de uma conexão existente pelo host remoto', None, 10054, None)': /session/08df17b84f80c19395474542fef49de2
2026-03-29 12:59:14,032  INFO      Inicializando webdriver Chrome...
2026-03-29 12:59:14,882  INFO      Acessando http://old.apac.pe.gov.br/meteorologia/monitoramento-pluvio.php
2026-03-29 12:59:20,013  INFO      Iniciando Mesorregião: Sertao_Pernambucano
2026-03-29 12:59:20,206  INFO        Datas: 01/01/1961 a 31/12/1961
2026-03-29 12:59:20,207  INFO        Selecionando mesorregião 2601 via JS...
2026-03-29 12:59:20,215  ERROR     Erro ao selecionar mesorregião 2601: Message: javascript error: Cannot set properties of null (setting 'value')
  (Session info: chrome=147.0.7727.24)
Stacktrace:
	chromedriver!GetHandleVerifier [0x7ff71a10ae35+14915]
	chromedriver!GetHandleVerifier [0x7ff71a10aea0+14980]
	chromedriver!(No symbol) [0x7ff719e6d8fd]
	chromedriver!(No symbol) [0x7ff719e75881]
	chromedriver!(No symbol) [0x7ff719e78d3f]
	chromedriver!(No symbol) [0x7ff719f1624d]
	chromedriver!(No symbol) [0x7ff719eeffea]
	chromedriver!(No symbol) [0x7ff719f14e57]
	chromedriver!(No symbol) [0x7ff719eb9368]
	chromedriver!(No symbol) [0x7ff719eba253]
	chromedriver!GetHandleVerifier [0x7ff71a416da9+320889]
	chromedriver!GetHandleVerifier [0x7ff71a41133b+31ae1b]
	chromedriver!GetHandleVerifier [0x7ff71a433982+33d462]
	chromedriver!GetHandleVerifier [0x7ff71a1280a5+31b85]
	chromedriver!GetHandleVerifier [0x7ff71a130d8c+3a86c]
	chromedriver!GetHandleVerifier [0x7ff71a114304+1dde4]
	chromedriver!GetHandleVerifier [0x7ff71a1144b6+1df96]
	chromedriver!GetHandleVerifier [0x7ff71a0f9047+2b27]
	KERNEL32!BaseThreadInitThunk [0x7ffa2a46e8d7+17]
	ntdll!RtlUserThreadStart [0x7ffa2b86c48c+2c]

2026-03-29 12:59:20,216  ERROR       [ERRO] Falha no ano 1961: Message: javascript error: Cannot set properties of null (setting 'value')
  (Session info: chrome=147.0.7727.24)
Stacktrace:
	chromedriver!GetHandleVerifier [0x7ff71a10ae35+14915]
	chromedriver!GetHandleVerifier [0x7ff71a10aea0+14980]
	chromedriver!(No symbol) [0x7ff719e6d8fd]
	chromedriver!(No symbol) [0x7ff719e75881]
	chromedriver!(No symbol) [0x7ff719e78d3f]
	chromedriver!(No symbol) [0x7ff719f1624d]
	chromedriver!(No symbol) [0x7ff719eeffea]
	chromedriver!(No symbol) [0x7ff719f14e57]
	chromedriver!(No symbol) [0x7ff719eb9368]
	chromedriver!(No symbol) [0x7ff719eba253]
	chromedriver!GetHandleVerifier [0x7ff71a416da9+320889]
	chromedriver!GetHandleVerifier [0x7ff71a41133b+31ae1b]
	chromedriver!GetHandleVerifier [0x7ff71a433982+33d462]
	chromedriver!GetHandleVerifier [0x7ff71a1280a5+31b85]
	chromedriver!GetHandleVerifier [0x7ff71a130d8c+3a86c]
	chromedriver!GetHandleVerifier [0x7ff71a114304+1dde4]
	chromedriver!GetHandleVerifier [0x7ff71a1144b6+1df96]
	chromedriver!GetHandleVerifier [0x7ff71a0f9047+2b27]
	KERNEL32!BaseThreadInitThunk [0x7ffa2a46e8d7+17]
	ntdll!RtlUserThreadStart [0x7ffa2b86c48c+2c]

2026-03-29 12:59:25,534  INFO        Datas: 01/01/1962 a 31/12/1962
2026-03-29 12:59:25,535  INFO        Selecionando mesorregião 2601 via JS...
2026-03-29 12:59:25,539  ERROR     Erro ao selecionar mesorregião 2601: Message: javascript error: Cannot set properties of null (setting 'value')
  (Session info: chrome=147.0.7727.24)
Stacktrace:
	chromedriver!GetHandleVerifier [0x7ff71a10ae35+14915]
	chromedriver!GetHandleVerifier [0x7ff71a10aea0+14980]
	chromedriver!(No symbol) [0x7ff719e6d8fd]
	chromedriver!(No symbol) [0x7ff719e75881]
	chromedriver!(No symbol) [0x7ff719e78d3f]
	chromedriver!(No symbol) [0x7ff719f1624d]
	chromedriver!(No symbol) [0x7ff719eeffea]
	chromedriver!(No symbol) [0x7ff719f14e57]
	chromedriver!(No symbol) [0x7ff719eb9368]
	chromedriver!(No symbol) [0x7ff719eba253]
	chromedriver!GetHandleVerifier [0x7ff71a416da9+320889]
	chromedriver!GetHandleVerifier [0x7ff71a41133b+31ae1b]
	chromedriver!GetHandleVerifier [0x7ff71a433982+33d462]
	chromedriver!GetHandleVerifier [0x7ff71a1280a5+31b85]
	chromedriver!GetHandleVerifier [0x7ff71a130d8c+3a86c]
	chromedriver!GetHandleVerifier [0x7ff71a114304+1dde4]
	chromedriver!GetHandleVerifier [0x7ff71a1144b6+1df96]
	chromedriver!GetHandleVerifier [0x7ff71a0f9047+2b27]
	KERNEL32!BaseThreadInitThunk [0x7ffa2a46e8d7+17]
	ntdll!RtlUserThreadStart [0x7ffa2b86c48c+2c]

2026-03-29 12:59:25,539  ERROR       [ERRO] Falha no ano 1962: Message: javascript error: Cannot set properties of null (setting 'value')
  (Session info: chrome=147.0.7727.24)
Stacktrace:
	chromedriver!GetHandleVerifier [0x7ff71a10ae35+14915]
	chromedriver!GetHandleVerifier [0x7ff71a10aea0+14980]
	chromedriver!(No symbol) [0x7ff719e6d8fd]
	chromedriver!(No symbol) [0x7ff719e75881]
	chromedriver!(No symbol) [0x7ff719e78d3f]
	chromedriver!(No symbol) [0x7ff719f1624d]
	chromedriver!(No symbol) [0x7ff719eeffea]
	chromedriver!(No symbol) [0x7ff719f14e57]
	chromedriver!(No symbol) [0x7ff719eb9368]
	chromedriver!(No symbol) [0x7ff719eba253]
	chromedriver!GetHandleVerifier [0x7ff71a416da9+320889]
	chromedriver!GetHandleVerifier [0x7ff71a41133b+31ae1b]
	chromedriver!GetHandleVerifier [0x7ff71a433982+33d462]
	chromedriver!GetHandleVerifier [0x7ff71a1280a5+31b85]
	chromedriver!GetHandleVerifier [0x7ff71a130d8c+3a86c]
	chromedriver!GetHandleVerifier [0x7ff71a114304+1dde4]
	chromedriver!GetHandleVerifier [0x7ff71a1144b6+1df96]
	chromedriver!GetHandleVerifier [0x7ff71a0f9047+2b27]
	KERNEL32!BaseThreadInitThunk [0x7ffa2a46e8d7+17]
	ntdll!RtlUserThreadStart [0x7ffa2b86c48c+2c]

2026-03-29 12:59:30,814  INFO        Datas: 01/01/1963 a 31/12/1963
2026-03-29 12:59:30,814  INFO        Selecionando mesorregião 2601 via JS...
2026-03-29 12:59:30,818  ERROR     Erro ao selecionar mesorregião 2601: Message: javascript error: Cannot set properties of null (setting 'value')
  (Session info: chrome=147.0.7727.24)
Stacktrace:
	chromedriver!GetHandleVerifier [0x7ff71a10ae35+14915]
	chromedriver!GetHandleVerifier [0x7ff71a10aea0+14980]
	chromedriver!(No symbol) [0x7ff719e6d8fd]
	chromedriver!(No symbol) [0x7ff719e75881]
	chromedriver!(No symbol) [0x7ff719e78d3f]
	chromedriver!(No symbol) [0x7ff719f1624d]
	chromedriver!(No symbol) [0x7ff719eeffea]
	chromedriver!(No symbol) [0x7ff719f14e57]
	chromedriver!(No symbol) [0x7ff719eb9368]
	chromedriver!(No symbol) [0x7ff719eba253]
	chromedriver!GetHandleVerifier [0x7ff71a416da9+320889]
	chromedriver!GetHandleVerifier [0x7ff71a41133b+31ae1b]
	chromedriver!GetHandleVerifier [0x7ff71a433982+33d462]
	chromedriver!GetHandleVerifier [0x7ff71a1280a5+31b85]
	chromedriver!GetHandleVerifier [0x7ff71a130d8c+3a86c]
	chromedriver!GetHandleVerifier [0x7ff71a114304+1dde4]
	chromedriver!GetHandleVerifier [0x7ff71a1144b6+1df96]
	chromedriver!GetHandleVerifier [0x7ff71a0f9047+2b27]
	KERNEL32!BaseThreadInitThunk [0x7ffa2a46e8d7+17]
	ntdll!RtlUserThreadStart [0x7ffa2b86c48c+2c]

2026-03-29 12:59:30,819  ERROR       [ERRO] Falha no ano 1963: Message: javascript error: Cannot set properties of null (setting 'value')
  (Session info: chrome=147.0.7727.24)
Stacktrace:
	chromedriver!GetHandleVerifier [0x7ff71a10ae35+14915]
	chromedriver!GetHandleVerifier [0x7ff71a10aea0+14980]
	chromedriver!(No symbol) [0x7ff719e6d8fd]
	chromedriver!(No symbol) [0x7ff719e75881]
	chromedriver!(No symbol) [0x7ff719e78d3f]
	chromedriver!(No symbol) [0x7ff719f1624d]
	chromedriver!(No symbol) [0x7ff719eeffea]
	chromedriver!(No symbol) [0x7ff719f14e57]
	chromedriver!(No symbol) [0x7ff719eb9368]
	chromedriver!(No symbol) [0x7ff719eba253]
	chromedriver!GetHandleVerifier [0x7ff71a416da9+320889]
	chromedriver!GetHandleVerifier [0x7ff71a41133b+31ae1b]
	chromedriver!GetHandleVerifier [0x7ff71a433982+33d462]
	chromedriver!GetHandleVerifier [0x7ff71a1280a5+31b85]
	chromedriver!GetHandleVerifier [0x7ff71a130d8c+3a86c]
	chromedriver!GetHandleVerifier [0x7ff71a114304+1dde4]
	chromedriver!GetHandleVerifier [0x7ff71a1144b6+1df96]
	chromedriver!GetHandleVerifier [0x7ff71a0f9047+2b27]
	KERNEL32!BaseThreadInitThunk [0x7ffa2a46e8d7+17]
	ntdll!RtlUserThreadStart [0x7ffa2b86c48c+2c]

2026-03-29 12:59:36,070  INFO        Datas: 01/01/1964 a 31/12/1964
2026-03-29 12:59:36,071  INFO        Selecionando mesorregião 2601 via JS...
2026-03-29 12:59:36,074  ERROR     Erro ao selecionar mesorregião 2601: Message: javascript error: Cannot set properties of null (setting 'value')
  (Session info: chrome=147.0.7727.24)
Stacktrace:
	chromedriver!GetHandleVerifier [0x7ff71a10ae35+14915]
	chromedriver!GetHandleVerifier [0x7ff71a10aea0+14980]
	chromedriver!(No symbol) [0x7ff719e6d8fd]
	chromedriver!(No symbol) [0x7ff719e75881]
	chromedriver!(No symbol) [0x7ff719e78d3f]
	chromedriver!(No symbol) [0x7ff719f1624d]
	chromedriver!(No symbol) [0x7ff719eeffea]
	chromedriver!(No symbol) [0x7ff719f14e57]
	chromedriver!(No symbol) [0x7ff719eb9368]
	chromedriver!(No symbol) [0x7ff719eba253]
	chromedriver!GetHandleVerifier [0x7ff71a416da9+320889]
	chromedriver!GetHandleVerifier [0x7ff71a41133b+31ae1b]
	chromedriver!GetHandleVerifier [0x7ff71a433982+33d462]
	chromedriver!GetHandleVerifier [0x7ff71a1280a5+31b85]
	chromedriver!GetHandleVerifier [0x7ff71a130d8c+3a86c]
	chromedriver!GetHandleVerifier [0x7ff71a114304+1dde4]
	chromedriver!GetHandleVerifier [0x7ff71a1144b6+1df96]
	chromedriver!GetHandleVerifier [0x7ff71a0f9047+2b27]
	KERNEL32!BaseThreadInitThunk [0x7ffa2a46e8d7+17]
	ntdll!RtlUserThreadStart [0x7ffa2b86c48c+2c]

2026-03-29 12:59:36,075  ERROR       [ERRO] Falha no ano 1964: Message: javascript error: Cannot set properties of null (setting 'value')
  (Session info: chrome=147.0.7727.24)
Stacktrace:
	chromedriver!GetHandleVerifier [0x7ff71a10ae35+14915]
	chromedriver!GetHandleVerifier [0x7ff71a10aea0+14980]
	chromedriver!(No symbol) [0x7ff719e6d8fd]
	chromedriver!(No symbol) [0x7ff719e75881]
	chromedriver!(No symbol) [0x7ff719e78d3f]
	chromedriver!(No symbol) [0x7ff719f1624d]
	chromedriver!(No symbol) [0x7ff719eeffea]
	chromedriver!(No symbol) [0x7ff719f14e57]
	chromedriver!(No symbol) [0x7ff719eb9368]
	chromedriver!(No symbol) [0x7ff719eba253]
	chromedriver!GetHandleVerifier [0x7ff71a416da9+320889]
	chromedriver!GetHandleVerifier [0x7ff71a41133b+31ae1b]
	chromedriver!GetHandleVerifier [0x7ff71a433982+33d462]
	chromedriver!GetHandleVerifier [0x7ff71a1280a5+31b85]
	chromedriver!GetHandleVerifier [0x7ff71a130d8c+3a86c]
	chromedriver!GetHandleVerifier [0x7ff71a114304+1dde4]
	chromedriver!GetHandleVerifier [0x7ff71a1144b6+1df96]
	chromedriver!GetHandleVerifier [0x7ff71a0f9047+2b27]
	KERNEL32!BaseThreadInitThunk [0x7ffa2a46e8d7+17]
	ntdll!RtlUserThreadStart [0x7ffa2b86c48c+2c]

2026-03-29 12:59:37,609  WARNING   Retrying (Retry(total=2, connect=None, read=None, redirect=None, status=None)) after connection broken by 'ConnectionResetError(10054, 'Foi forçado o cancelamento de uma conexão existente pelo host remoto', None, 10054, None)': /session/feb2551f3c4b150d3a998b90df8f0180
2026-03-29 12:59:41,673  WARNING   Retrying (Retry(total=1, connect=None, read=None, redirect=None, status=None)) after connection broken by 'NewConnectionError("HTTPConnection(host='localhost', port=63386): Failed to establish a new connection: [WinError 10061] Nenhuma conexão pôde ser feita porque a máquina de destino as recusou ativamente")': /session/feb2551f3c4b150d3a998b90df8f0180
2026-03-29 12:59:45,755  WARNING   Retrying (Retry(total=0, connect=None, read=None, redirect=None, status=None)) after connection broken by 'NewConnectionError("HTTPConnection(host='localhost', port=63386): Failed to establish a new connection: [WinError 10061] Nenhuma conexão pôde ser feita porque a máquina de destino as recusou ativamente")': /session/feb2551f3c4b150d3a998b90df8f0180
2026-03-29 12:59:49,796  INFO      Processo finalizado.
