2026-03-29 13:01:16,237  INFO      Acessando http://old.apac.pe.gov.br/meteorologia/monitoramento-pluvio.php
2026-03-29 13:01:23,548  INFO      >>> PROCESSANDO: Sertao_Pernambucano
2026-03-29 13:01:23,559  ERROR     Erro no JS ao selecionar mesorregião 2601: Message: javascript error: $(...).selectpicker is not a function
  (Session info: chrome=147.0.7727.24)
Stacktrace:
	chromedriver!GetHandleVerifier [0x7ff71a10ae35+14915]
	chromedriver!GetHandleVerifier [0x7ff71a10aea0+14980]
	chromedriver!(No symbol) [0x7ff719e6d8fd]
	chromedriver!(No symbol) [0x7ff719e75881]
	chromedriver!(No symbol) [0x7ff719e78d3f]
	chromedriver!(No symbol) [0x7ff719f1624d]
	chromedriver!(No symbol) [0x7ff719eeffea]
	chromedriver!(No symbol) [0x7ff719f14e57]
	chromedriver!(No symbol) [0x7ff719eb9368]
	chromedriver!(No symbol) [0x7ff719eba253]
	chromedriver!GetHandleVerifier [0x7ff71a416da9+320889]
	chromedriver!GetHandleVerifier [0x7ff71a41133b+31ae1b]
	chromedriver!GetHandleVerifier [0x7ff71a433982+33d462]
	chromedriver!GetHandleVerifier [0x7ff71a1280a5+31b85]
	chromedriver!GetHandleVerifier [0x7ff71a130d8c+3a86c]
	chromedriver!GetHandleVerifier [0x7ff71a114304+1dde4]
	chromedriver!GetHandleVerifier [0x7ff71a1144b6+1df96]
	chromedriver!GetHandleVerifier [0x7ff71a0f9047+2b27]
	KERNEL32!BaseThreadInitThunk [0x7ffa2a46e8d7+17]
	ntdll!RtlUserThreadStart [0x7ffa2b86c48c+2c]

2026-03-29 13:01:23,563  ERROR     Falha em Sertao_Pernambucano 1961: Message: javascript error: $(...).selectpicker is not a function
  (Session info: chrome=147.0.7727.24)
Stacktrace:
	chromedriver!GetHandleVerifier [0x7ff71a10ae35+14915]
	chromedriver!GetHandleVerifier [0x7ff71a10aea0+14980]
	chromedriver!(No symbol) [0x7ff719e6d8fd]
	chromedriver!(No symbol) [0x7ff719e75881]
	chromedriver!(No symbol) [0x7ff719e78d3f]
	chromedriver!(No symbol) [0x7ff719f1624d]
	chromedriver!(No symbol) [0x7ff719eeffea]
	chromedriver!(No symbol) [0x7ff719f14e57]
	chromedriver!(No symbol) [0x7ff719eb9368]
	chromedriver!(No symbol) [0x7ff719eba253]
	chromedriver!GetHandleVerifier [0x7ff71a416da9+320889]
	chromedriver!GetHandleVerifier [0x7ff71a41133b+31ae1b]
	chromedriver!GetHandleVerifier [0x7ff71a433982+33d462]
	chromedriver!GetHandleVerifier [0x7ff71a1280a5+31b85]
	chromedriver!GetHandleVerifier [0x7ff71a130d8c+3a86c]
	chromedriver!GetHandleVerifier [0x7ff71a114304+1dde4]
	chromedriver!GetHandleVerifier [0x7ff71a1144b6+1df96]
	chromedriver!GetHandleVerifier [0x7ff71a0f9047+2b27]
	KERNEL32!BaseThreadInitThunk [0x7ffa2a46e8d7+17]
	ntdll!RtlUserThreadStart [0x7ffa2b86c48c+2c]

2026-03-29 13:01:27,754  WARNING   Retrying (Retry(total=2, connect=None, read=None, redirect=None, status=None)) after connection broken by 'ConnectionResetError(10054, 'Foi forçado o cancelamento de uma conexão existente pelo host remoto', None, 10054, None)': /session/f85b47979d48e0565b34c4a56411489a
2026-03-29 13:01:31,809  WARNING   Retrying (Retry(total=1, connect=None, read=None, redirect=None, status=None)) after connection broken by 'NewConnectionError("HTTPConnection(host='localhost', port=55993): Failed to establish a new connection: [WinError 10061] Nenhuma conexão pôde ser feita porque a máquina de destino as recusou ativamente")': /session/f85b47979d48e0565b34c4a56411489a
2026-03-29 13:01:35,861  WARNING   Retrying (Retry(total=0, connect=None, read=None, redirect=None, status=None)) after connection broken by 'NewConnectionError("HTTPConnection(host='localhost', port=55993): Failed to establish a new connection: [WinError 10061] Nenhuma conexão pôde ser feita porque a máquina de destino as recusou ativamente")': /session/f85b47979d48e0565b34c4a56411489a
2026-03-29 13:08:05,958  INFO      Inicializando Chrome...
2026-03-29 13:08:06,824  INFO      Acessando http://old.apac.pe.gov.br/meteorologia/monitoramento-pluvio.php
2026-03-29 13:08:13,948  INFO      
>>> INICIANDO: Metropolitana_Recife (ID: 2605)
2026-03-29 13:08:16,204  INFO        Mesorregião 2605 selecionada.
2026-03-29 13:08:21,405  WARNING     Tabela não encontrada ou erro na extração: Alert Text: Informe a Data Inicial!
Message: unexpected alert open: {Alert text : Informe a Data Inicial!}
  (Session info: chrome=147.0.7727.24)
Stacktrace:
	chromedriver!GetHandleVerifier [0x7ff71a10ae35+14915]
	chromedriver!GetHandleVerifier [0x7ff71a10aea0+14980]
	chromedriver!(No symbol) [0x7ff719e6d8fd]
	chromedriver!(No symbol) [0x7ff719f15923]
	chromedriver!(No symbol) [0x7ff719eb9368]
	chromedriver!(No symbol) [0x7ff719eba253]
	chromedriver!GetHandleVerifier [0x7ff71a416da9+320889]
	chromedriver!GetHandleVerifier [0x7ff71a41133b+31ae1b]
	chromedriver!GetHandleVerifier [0x7ff71a433982+33d462]
	chromedriver!GetHandleVerifier [0x7ff71a1280a5+31b85]
	chromedriver!GetHandleVerifier [0x7ff71a130d8c+3a86c]
	chromedriver!GetHandleVerifier [0x7ff71a114304+1dde4]
	chromedriver!GetHandleVerifier [0x7ff71a1144b6+1df96]
	chromedriver!GetHandleVerifier [0x7ff71a0f9047+2b27]
	KERNEL32!BaseThreadInitThunk [0x7ffa2a46e8d7+17]
	ntdll!RtlUserThreadStart [0x7ffa2b86c48c+2c]

2026-03-29 13:08:21,418  WARNING     [!] 1961: Sem dados no site.
2026-03-29 13:08:23,643  INFO        Mesorregião 2605 selecionada.
2026-03-29 13:08:28,806  WARNING     Tabela não encontrada ou erro na extração: Alert Text: Informe a Data Inicial!
Message: unexpected alert open: {Alert text : Informe a Data Inicial!}
  (Session info: chrome=147.0.7727.24)
Stacktrace:
	chromedriver!GetHandleVerifier [0x7ff71a10ae35+14915]
	chromedriver!GetHandleVerifier [0x7ff71a10aea0+14980]
	chromedriver!(No symbol) [0x7ff719e6d8fd]
	chromedriver!(No symbol) [0x7ff719f15923]
	chromedriver!(No symbol) [0x7ff719eb9368]
	chromedriver!(No symbol) [0x7ff719eba253]
	chromedriver!GetHandleVerifier [0x7ff71a416da9+320889]
	chromedriver!GetHandleVerifier [0x7ff71a41133b+31ae1b]
	chromedriver!GetHandleVerifier [0x7ff71a433982+33d462]
	chromedriver!GetHandleVerifier [0x7ff71a1280a5+31b85]
	chromedriver!GetHandleVerifier [0x7ff71a130d8c+3a86c]
	chromedriver!GetHandleVerifier [0x7ff71a114304+1dde4]
	chromedriver!GetHandleVerifier [0x7ff71a1144b6+1df96]
	chromedriver!GetHandleVerifier [0x7ff71a0f9047+2b27]
	KERNEL32!BaseThreadInitThunk [0x7ffa2a46e8d7+17]
	ntdll!RtlUserThreadStart [0x7ffa2b86c48c+2c]

2026-03-29 13:08:28,809  WARNING     [!] 1962: Sem dados no site.
2026-03-29 13:08:31,083  INFO        Mesorregião 2605 selecionada.
2026-03-29 13:08:36,270  WARNING     Tabela não encontrada ou erro na extração: Alert Text: Informe a Data Inicial!
Message: unexpected alert open: {Alert text : Informe a Data Inicial!}
  (Session info: chrome=147.0.7727.24)
Stacktrace:
	chromedriver!GetHandleVerifier [0x7ff71a10ae35+14915]
	chromedriver!GetHandleVerifier [0x7ff71a10aea0+14980]
	chromedriver!(No symbol) [0x7ff719e6d8fd]
	chromedriver!(No symbol) [0x7ff719f15923]
	chromedriver!(No symbol) [0x7ff719eb9368]
	chromedriver!(No symbol) [0x7ff719eba253]
	chromedriver!GetHandleVerifier [0x7ff71a416da9+320889]
	chromedriver!GetHandleVerifier [0x7ff71a41133b+31ae1b]
	chromedriver!GetHandleVerifier [0x7ff71a433982+33d462]
	chromedriver!GetHandleVerifier [0x7ff71a1280a5+31b85]
	chromedriver!GetHandleVerifier [0x7ff71a130d8c+3a86c]
	chromedriver!GetHandleVerifier [0x7ff71a114304+1dde4]
	chromedriver!GetHandleVerifier [0x7ff71a1144b6+1df96]
	chromedriver!GetHandleVerifier [0x7ff71a0f9047+2b27]
	KERNEL32!BaseThreadInitThunk [0x7ffa2a46e8d7+17]
	ntdll!RtlUserThreadStart [0x7ffa2b86c48c+2c]

2026-03-29 13:08:36,271  WARNING     [!] 1963: Sem dados no site.
2026-03-29 13:08:38,548  INFO        Mesorregião 2605 selecionada.
2026-03-29 13:08:39,707  WARNING   Retrying (Retry(total=2, connect=None, read=None, redirect=None, status=None)) after connection broken by 'ConnectionResetError(10054, 'Foi forçado o cancelamento de uma conexão existente pelo host remoto', None, 10054, None)': /session/c2eb17ea1ae3b629a4b2ec443d069cc1
2026-03-29 13:08:43,757  WARNING   Retrying (Retry(total=1, connect=None, read=None, redirect=None, status=None)) after connection broken by 'NewConnectionError("HTTPConnection(host='localhost', port=60646): Failed to establish a new connection: [WinError 10061] Nenhuma conexão pôde ser feita porque a máquina de destino as recusou ativamente")': /session/c2eb17ea1ae3b629a4b2ec443d069cc1
2026-03-29 13:08:47,815  WARNING   Retrying (Retry(total=0, connect=None, read=None, redirect=None, status=None)) after connection broken by 'NewConnectionError("HTTPConnection(host='localhost', port=60646): Failed to establish a new connection: [WinError 10061] Nenhuma conexão pôde ser feita porque a máquina de destino as recusou ativamente")': /session/c2eb17ea1ae3b629a4b2ec443d069cc1
2026-03-29 13:10:39,438  INFO      Inicializando Chrome...
2026-03-29 13:10:40,344  INFO      Acessando http://old.apac.pe.gov.br/meteorologia/monitoramento-pluvio.php
2026-03-29 13:10:47,495  INFO      
>>> INICIANDO: Metropolitana_Recife (ID: 2605)
2026-03-29 13:10:49,765  INFO        Mesorregião 2605 selecionada.
2026-03-29 13:10:49,766  INFO        Preenchendo datas: 01/01/1961 a 31/12/1961
2026-03-29 13:10:52,818  WARNING     Erro na extração: name 'TimeoutException' is not defined
2026-03-29 13:10:52,819  WARNING     [!] 1961: Sem dados no site.
2026-03-29 13:10:55,021  INFO        Mesorregião 2605 selecionada.
2026-03-29 13:10:55,021  INFO        Preenchendo datas: 01/01/1962 a 31/12/1962
2026-03-29 13:10:58,067  WARNING     Erro na extração: name 'TimeoutException' is not defined
2026-03-29 13:10:58,068  WARNING     [!] 1962: Sem dados no site.
2026-03-29 13:11:00,288  INFO        Mesorregião 2605 selecionada.
2026-03-29 13:11:00,288  INFO        Preenchendo datas: 01/01/1963 a 31/12/1963
2026-03-29 13:11:03,333  WARNING     Erro na extração: name 'TimeoutException' is not defined
2026-03-29 13:11:03,334  WARNING     [!] 1963: Sem dados no site.
2026-03-29 13:11:04,712  WARNING   Retrying (Retry(total=2, connect=None, read=None, redirect=None, status=None)) after connection broken by 'ConnectionResetError(10054, 'Foi forçado o cancelamento de uma conexão existente pelo host remoto', None, 10054, None)': /session/5c0d7b23e3368e4ee2e27791103285a9
2026-03-29 13:12:14,052  INFO      Acessando http://old.apac.pe.gov.br/meteorologia/monitoramento-pluvio.php
2026-03-29 13:12:21,179  INFO      
>>> PROCESSANDO: Metropolitana_Recife
2026-03-29 13:12:31,117  WARNING     [!] 1961: Sem dados.
2026-03-29 13:12:41,979  WARNING     [!] 1962: Sem dados.
2026-03-29 13:12:46,466  WARNING   Retrying (Retry(total=2, connect=None, read=None, redirect=None, status=None)) after connection broken by 'ConnectionResetError(10054, 'Foi forçado o cancelamento de uma conexão existente pelo host remoto', None, 10054, None)': /session/558fd4b86f786c43903044dcf795acac
2026-03-29 13:16:34,843  INFO      Acessando http://old.apac.pe.gov.br/meteorologia/monitoramento-pluvio.php
2026-03-29 13:16:41,954  INFO      
>>> PROCESSANDO: Metropolitana_Recife
2026-03-29 13:16:47,762  INFO        Dados detectados na página.
2026-03-29 13:16:47,936  WARNING     [!] 1961: Sem dados.
2026-03-29 13:16:54,673  INFO        Dados detectados na página.
2026-03-29 13:16:54,809  WARNING     [!] 1962: Sem dados.
2026-03-29 13:17:01,523  INFO        Dados detectados na página.
2026-03-29 13:17:01,662  WARNING     [!] 1963: Sem dados.
2026-03-29 13:17:08,470  INFO        Dados detectados na página.
2026-03-29 13:17:08,662  WARNING     [!] 1964: Sem dados.
2026-03-29 13:17:15,415  INFO        Dados detectados na página.
2026-03-29 13:17:15,766  WARNING     [!] 1965: Sem dados.
2026-03-29 13:17:22,544  INFO        Dados detectados na página.
2026-03-29 13:17:22,981  WARNING     [!] 1966: Sem dados.
2026-03-29 13:17:29,833  INFO        Dados detectados na página.
2026-03-29 13:17:30,243  WARNING     [!] 1967: Sem dados.
2026-03-29 13:17:37,246  INFO        Dados detectados na página.
2026-03-29 13:17:37,957  WARNING     [!] 1968: Sem dados.
2026-03-29 13:17:45,054  INFO        Dados detectados na página.
2026-03-29 13:17:45,794  WARNING     [!] 1969: Sem dados.
2026-03-29 13:17:52,616  INFO        Dados detectados na página.
2026-03-29 13:17:53,167  WARNING     [!] 1970: Sem dados.
2026-03-29 13:17:57,570  WARNING   Retrying (Retry(total=2, connect=None, read=None, redirect=None, status=None)) after connection broken by 'ConnectionResetError(10054, 'Foi forçado o cancelamento de uma conexão existente pelo host remoto', None, 10054, None)': /session/9609ace108120c3492d1b0bee224f554
2026-03-29 13:18:31,012  INFO      Acessando http://old.apac.pe.gov.br/meteorologia/monitoramento-pluvio.php
2026-03-29 13:18:38,477  INFO      
>>> PROCESSANDO: Metropolitana_Recife
2026-03-29 13:18:43,260  INFO        Dados detectados na página.
2026-03-29 13:18:45,431  INFO        [OK] 1961: 6 registros.
2026-03-29 13:18:51,175  INFO        Dados detectados na página.
2026-03-29 13:18:53,314  INFO        [OK] 1962: 6 registros.
2026-03-29 13:19:00,111  INFO        Dados detectados na página.
2026-03-29 13:19:02,300  INFO        [OK] 1963: 6 registros.
2026-03-29 13:19:08,047  INFO        Dados detectados na página.
2026-03-29 13:19:08,681  WARNING   Retrying (Retry(total=2, connect=None, read=None, redirect=None, status=None)) after connection broken by 'ConnectionResetError(10054, 'Foi forçado o cancelamento de uma conexão existente pelo host remoto', None, 10054, None)': /session/e9a11bcd659682a5f21f0153736d156b
2026-03-29 13:19:12,736  WARNING   Retrying (Retry(total=1, connect=None, read=None, redirect=None, status=None)) after connection broken by 'NewConnectionError("HTTPConnection(host='localhost', port=64929): Failed to establish a new connection: [WinError 10061] Nenhuma conexão pôde ser feita porque a máquina de destino as recusou ativamente")': /session/e9a11bcd659682a5f21f0153736d156b
2026-03-29 13:19:16,797  WARNING   Retrying (Retry(total=0, connect=None, read=None, redirect=None, status=None)) after connection broken by 'NewConnectionError("HTTPConnection(host='localhost', port=64929): Failed to establish a new connection: [WinError 10061] Nenhuma conexão pôde ser feita porque a máquina de destino as recusou ativamente")': /session/e9a11bcd659682a5f21f0153736d156b
2026-03-29 13:22:19,497  INFO      Acessando http://old.apac.pe.gov.br/meteorologia/monitoramento-pluvio.php
2026-03-29 13:22:26,621  INFO      
>>> PROCESSANDO: Metropolitana_Recife
2026-03-29 13:22:33,454  INFO        Dados detectados (Formato Mensal).
2026-03-29 13:22:35,887  INFO        [OK] 1964: 85 registros.
2026-03-29 13:22:41,617  INFO        Dados detectados (Formato Mensal).
2026-03-29 13:22:43,932  INFO        [OK] 1965: 85 registros.
2026-03-29 13:22:49,659  INFO        Dados detectados (Formato Mensal).
2026-03-29 13:22:52,126  INFO        [OK] 1966: 97 registros.
2026-03-29 13:22:57,905  INFO        Dados detectados (Formato Mensal).
2026-03-29 13:23:00,509  INFO        [OK] 1967: 97 registros.
2026-03-29 13:23:06,293  INFO        Dados detectados (Formato Mensal).
2026-03-29 13:23:09,317  INFO        [OK] 1968: 181 registros.
2026-03-29 13:23:15,120  INFO        Dados detectados (Formato Mensal).
2026-03-29 13:23:18,003  INFO        [OK] 1969: 193 registros.
2026-03-29 13:23:23,909  INFO        Dados detectados (Formato Mensal).
2026-03-29 13:23:27,059  INFO        [OK] 1970: 181 registros.
2026-03-29 13:23:33,166  INFO        Dados detectados (Formato Mensal).
2026-03-29 13:23:36,143  INFO        [OK] 1971: 181 registros.
2026-03-29 13:23:41,945  INFO        Dados detectados (Formato Mensal).
2026-03-29 13:23:44,373  INFO        [OK] 1972: 157 registros.
2026-03-29 13:23:50,157  INFO        Dados detectados (Formato Mensal).
2026-03-29 13:23:52,605  INFO        [OK] 1973: 157 registros.
2026-03-29 13:23:58,329  INFO        Dados detectados (Formato Mensal).
2026-03-29 13:24:00,776  INFO        [OK] 1974: 145 registros.
2026-03-29 13:24:06,520  INFO        Dados detectados (Formato Mensal).
2026-03-29 13:24:08,891  INFO        [OK] 1975: 145 registros.
2026-03-29 13:24:14,636  INFO        Dados detectados (Formato Mensal).
2026-03-29 13:24:17,042  INFO        [OK] 1976: 133 registros.
2026-03-29 13:24:22,807  INFO        Dados detectados (Formato Mensal).
2026-03-29 13:24:25,292  INFO        [OK] 1977: 145 registros.
2026-03-29 13:24:31,117  INFO        Dados detectados (Formato Mensal).
2026-03-29 13:24:33,480  INFO        [OK] 1978: 133 registros.
2026-03-29 13:24:39,234  INFO        Dados detectados (Formato Mensal).
2026-03-29 13:24:41,666  INFO        [OK] 1979: 133 registros.
2026-03-29 13:24:47,470  INFO        Dados detectados (Formato Mensal).
2026-03-29 13:24:49,873  INFO        [OK] 1980: 145 registros.
2026-03-29 13:24:55,645  INFO        Dados detectados (Formato Mensal).
2026-03-29 13:24:58,098  INFO        [OK] 1981: 145 registros.
2026-03-29 13:25:04,439  INFO        Dados detectados (Formato Mensal).
2026-03-29 13:25:06,920  INFO        [OK] 1982: 145 registros.
2026-03-29 13:25:13,027  INFO        Dados detectados (Formato Mensal).
2026-03-29 13:25:15,533  INFO        [OK] 1983: 145 registros.
2026-03-29 13:25:21,595  INFO        Dados detectados (Formato Mensal).
2026-03-29 13:25:24,014  INFO        [OK] 1984: 145 registros.
2026-03-29 13:25:29,744  INFO        Dados detectados (Formato Mensal).
2026-03-29 13:25:32,169  INFO        [OK] 1985: 133 registros.
2026-03-29 13:25:37,871  INFO        Dados detectados (Formato Mensal).
2026-03-29 13:25:40,307  INFO        [OK] 1986: 97 registros.
2026-03-29 13:25:46,042  INFO        Dados detectados (Formato Mensal).
2026-03-29 13:25:48,314  INFO        [OK] 1987: 85 registros.
2026-03-29 13:25:54,039  INFO        Dados detectados (Formato Mensal).
2026-03-29 13:25:56,392  INFO        [OK] 1988: 85 registros.
2026-03-29 13:26:02,134  INFO        Dados detectados (Formato Mensal).
2026-03-29 13:26:04,517  INFO        [OK] 1989: 73 registros.
2026-03-29 13:26:10,257  INFO        Dados detectados (Formato Mensal).
2026-03-29 13:26:12,710  INFO        [OK] 1990: 73 registros.
2026-03-29 13:26:18,472  INFO        Dados detectados (Formato Mensal).
2026-03-29 13:26:20,951  INFO        [OK] 1991: 61 registros.
2026-03-29 13:26:26,750  INFO        Dados detectados (Formato Mensal).
2026-03-29 13:26:29,209  INFO        [OK] 1992: 61 registros.
2026-03-29 13:26:34,978  INFO        Dados detectados (Formato Mensal).
2026-03-29 13:26:37,378  INFO        [OK] 1993: 61 registros.
2026-03-29 13:26:43,339  INFO        Dados detectados (Formato Mensal).
2026-03-29 13:26:45,828  INFO        [OK] 1994: 109 registros.
2026-03-29 13:26:51,769  INFO        Dados detectados (Formato Mensal).
2026-03-29 13:26:54,388  INFO        [OK] 1995: 145 registros.
2026-03-29 13:27:00,469  INFO        Dados detectados (Formato Mensal).
2026-03-29 13:27:03,410  INFO        [OK] 1996: 205 registros.
2026-03-29 13:27:09,322  INFO        Dados detectados (Formato Mensal).
2026-03-29 13:27:12,386  INFO        [OK] 1997: 241 registros.
2026-03-29 13:27:18,196  INFO        Dados detectados (Formato Mensal).
2026-03-29 13:27:21,245  INFO        [OK] 1998: 253 registros.
2026-03-29 13:27:27,087  INFO        Dados detectados (Formato Mensal).
2026-03-29 13:27:30,029  INFO        [OK] 1999: 265 registros.
2026-03-29 13:27:36,131  INFO        Dados detectados (Formato Mensal).
2026-03-29 13:27:39,013  INFO        [OK] 2000: 373 registros.
2026-03-29 13:27:44,749  INFO        Dados detectados (Formato Mensal).
2026-03-29 13:27:47,749  INFO        [OK] 2001: 433 registros.
2026-03-29 13:27:53,502  INFO        Dados detectados (Formato Mensal).
2026-03-29 13:27:56,573  INFO        [OK] 2002: 433 registros.
2026-03-29 13:28:02,322  INFO        Dados detectados (Formato Mensal).
2026-03-29 13:28:05,303  INFO        [OK] 2003: 397 registros.
2026-03-29 13:28:11,436  INFO        Dados detectados (Formato Mensal).
2026-03-29 13:28:14,417  INFO        [OK] 2004: 397 registros.
2026-03-29 13:28:20,169  INFO        Dados detectados (Formato Mensal).
2026-03-29 13:28:23,033  INFO        [OK] 2005: 349 registros.
2026-03-29 13:28:28,953  INFO        Dados detectados (Formato Mensal).
2026-03-29 13:28:31,800  INFO        [OK] 2006: 361 registros.
2026-03-29 13:28:37,533  INFO        Dados detectados (Formato Mensal).
2026-03-29 13:28:40,437  INFO        [OK] 2007: 361 registros.
2026-03-29 13:28:46,181  INFO        Dados detectados (Formato Mensal).
2026-03-29 13:28:49,050  INFO        [OK] 2008: 373 registros.
2026-03-29 13:28:54,901  INFO        Dados detectados (Formato Mensal).
2026-03-29 13:28:57,809  INFO        [OK] 2009: 385 registros.
2026-03-29 13:29:03,725  INFO        Dados detectados (Formato Mensal).
2026-03-29 13:29:06,723  INFO        [OK] 2010: 409 registros.
2026-03-29 13:29:12,909  INFO        Dados detectados (Formato Mensal).
2026-03-29 13:29:15,753  INFO        [OK] 2011: 325 registros.
2026-03-29 13:29:21,888  INFO        Dados detectados (Formato Mensal).
2026-03-29 13:29:24,643  INFO        [OK] 2012: 313 registros.
2026-03-29 13:29:30,477  INFO        Dados detectados (Formato Mensal).
2026-03-29 13:29:33,237  INFO        [OK] 2013: 325 registros.
2026-03-29 13:29:38,972  INFO        Dados detectados (Formato Mensal).
2026-03-29 13:29:42,081  INFO        [OK] 2014: 373 registros.
2026-03-29 13:29:48,413  INFO        Dados detectados (Formato Mensal).
2026-03-29 13:29:51,215  INFO        [OK] 2015: 337 registros.
2026-03-29 13:29:57,196  INFO        Dados detectados (Formato Mensal).
2026-03-29 13:29:59,967  INFO        [OK] 2016: 325 registros.
2026-03-29 13:30:06,163  INFO        Dados detectados (Formato Mensal).
2026-03-29 13:30:08,939  INFO        [OK] 2017: 325 registros.
2026-03-29 13:30:14,695  INFO        Dados detectados (Formato Mensal).
2026-03-29 13:30:17,479  INFO        [OK] 2018: 325 registros.
2026-03-29 13:30:23,216  INFO        Dados detectados (Formato Mensal).
2026-03-29 13:30:26,083  INFO        [OK] 2019: 337 registros.
2026-03-29 13:30:31,832  INFO        Dados detectados (Formato Mensal).
2026-03-29 13:30:34,674  INFO        [OK] 2020: 337 registros.
2026-03-29 13:30:40,395  INFO        Dados detectados (Formato Mensal).
2026-03-29 13:30:43,214  INFO        [OK] 2021: 337 registros.
2026-03-29 13:30:49,426  INFO        Dados detectados (Formato Mensal).
2026-03-29 13:30:52,241  INFO        [OK] 2022: 337 registros.
2026-03-29 13:30:58,220  INFO        Dados detectados (Formato Mensal).
2026-03-29 13:31:01,081  INFO        [OK] 2023: 337 registros.
2026-03-29 13:31:06,805  INFO        Dados detectados (Formato Mensal).
2026-03-29 13:31:09,656  INFO        [OK] 2024: 349 registros.
2026-03-29 13:31:15,406  INFO        Dados detectados (Formato Mensal).
2026-03-29 13:31:18,209  INFO        [OK] 2025: 337 registros.
2026-03-29 13:31:23,957  INFO        Dados detectados (Formato Mensal).
2026-03-29 13:31:26,790  INFO        [OK] 2026: 349 registros.
2026-03-29 13:31:27,791  INFO      
>>> PROCESSANDO: Mata_Pernambucana
2026-03-29 13:31:32,542  INFO        Dados detectados (Formato Mensal).
2026-03-29 13:31:35,455  INFO        [OK] 1961: 349 registros.
2026-03-29 13:31:41,181  INFO        Dados detectados (Formato Mensal).
2026-03-29 13:31:43,464  INFO        [OK] 1962: 85 registros.
2026-03-29 13:31:49,178  INFO        Dados detectados (Formato Mensal).
2026-03-29 13:31:51,464  INFO        [OK] 1963: 109 registros.
2026-03-29 13:31:57,194  INFO        Dados detectados (Formato Mensal).
2026-03-29 13:31:59,517  INFO        [OK] 1964: 109 registros.
2026-03-29 13:32:05,214  INFO        Dados detectados (Formato Mensal).
2026-03-29 13:32:07,499  INFO        [OK] 1965: 109 registros.
2026-03-29 13:32:13,614  INFO        Dados detectados (Formato Mensal).
2026-03-29 13:32:16,350  INFO        [OK] 1966: 289 registros.
2026-03-29 13:32:22,301  INFO        Dados detectados (Formato Mensal).
2026-03-29 13:32:24,999  INFO        [OK] 1967: 289 registros.
2026-03-29 13:32:30,743  INFO        Dados detectados (Formato Mensal).
2026-03-29 13:32:33,445  INFO        [OK] 1968: 289 registros.
2026-03-29 13:32:39,743  INFO        Dados detectados (Formato Mensal).
2026-03-29 13:32:42,447  INFO        [OK] 1969: 289 registros.
2026-03-29 13:32:48,679  INFO        Dados detectados (Formato Mensal).
2026-03-29 13:32:51,619  INFO        [OK] 1970: 409 registros.
2026-03-29 13:32:57,597  INFO        Dados detectados (Formato Mensal).
2026-03-29 13:33:00,607  INFO        [OK] 1971: 421 registros.
2026-03-29 13:33:06,881  INFO        Dados detectados (Formato Mensal).
2026-03-29 13:33:09,869  INFO        [OK] 1972: 421 registros.
2026-03-29 13:33:15,983  INFO        Dados detectados (Formato Mensal).
2026-03-29 13:33:18,989  INFO        [OK] 1973: 421 registros.
2026-03-29 13:33:24,725  INFO        Dados detectados (Formato Mensal).
2026-03-29 13:33:27,704  INFO        [OK] 1974: 433 registros.
2026-03-29 13:33:33,451  INFO        Dados detectados (Formato Mensal).
2026-03-29 13:33:36,447  INFO        [OK] 1975: 433 registros.
2026-03-29 13:33:42,170  INFO        Dados detectados (Formato Mensal).
2026-03-29 13:33:45,165  INFO        [OK] 1976: 433 registros.
2026-03-29 13:33:50,871  INFO        Dados detectados (Formato Mensal).
2026-03-29 13:33:53,961  INFO        [OK] 1977: 433 registros.
2026-03-29 13:34:00,429  INFO        Dados detectados (Formato Mensal).
2026-03-29 13:34:03,453  INFO        [OK] 1978: 445 registros.
2026-03-29 13:34:09,490  INFO        Dados detectados (Formato Mensal).
2026-03-29 13:34:12,458  INFO        [OK] 1979: 421 registros.
2026-03-29 13:34:18,622  INFO        Dados detectados (Formato Mensal).
2026-03-29 13:34:21,528  INFO        [OK] 1980: 397 registros.
2026-03-29 13:34:27,596  INFO        Dados detectados (Formato Mensal).
2026-03-29 13:34:30,527  INFO        [OK] 1981: 397 registros.
2026-03-29 13:34:36,588  INFO        Dados detectados (Formato Mensal).
2026-03-29 13:34:39,432  INFO        [OK] 1982: 373 registros.
2026-03-29 13:34:45,180  INFO        Dados detectados (Formato Mensal).
2026-03-29 13:34:48,060  INFO        [OK] 1983: 373 registros.
2026-03-29 13:34:54,266  INFO        Dados detectados (Formato Mensal).
2026-03-29 13:34:57,741  INFO        [OK] 1984: 649 registros.
2026-03-29 13:35:03,483  INFO        Dados detectados (Formato Mensal).
2026-03-29 13:35:06,366  INFO        [OK] 1985: 349 registros.
2026-03-29 13:35:12,151  INFO        Dados detectados (Formato Mensal).
2026-03-29 13:35:14,977  INFO        [OK] 1986: 349 registros.
2026-03-29 13:35:20,707  INFO        Dados detectados (Formato Mensal).
2026-03-29 13:35:23,524  INFO        [OK] 1987: 361 registros.
2026-03-29 13:35:29,216  INFO        Dados detectados (Formato Mensal).
2026-03-29 13:35:32,019  INFO        [OK] 1988: 349 registros.
2026-03-29 13:35:37,740  INFO        Dados detectados (Formato Mensal).
2026-03-29 13:35:40,550  INFO        [OK] 1989: 337 registros.
2026-03-29 13:35:46,276  INFO        Dados detectados (Formato Mensal).
2026-03-29 13:35:49,479  INFO        [OK] 1990: 337 registros.
2026-03-29 13:35:55,211  INFO        Dados detectados (Formato Mensal).
2026-03-29 13:35:58,009  INFO        [OK] 1991: 337 registros.
2026-03-29 13:36:03,899  INFO        Dados detectados (Formato Mensal).
2026-03-29 13:36:06,576  INFO        [OK] 1992: 277 registros.
2026-03-29 13:36:12,263  INFO        Dados detectados (Formato Mensal).
2026-03-29 13:36:14,694  INFO        [OK] 1993: 157 registros.
2026-03-29 13:36:20,439  INFO        Dados detectados (Formato Mensal).
2026-03-29 13:36:22,834  INFO        [OK] 1994: 157 registros.
2026-03-29 13:36:28,774  INFO        Dados detectados (Formato Mensal).
2026-03-29 13:36:31,602  INFO        [OK] 1995: 361 registros.
2026-03-29 13:36:37,351  INFO        Dados detectados (Formato Mensal).
2026-03-29 13:36:40,200  INFO        [OK] 1996: 361 registros.
2026-03-29 13:36:46,099  INFO        Dados detectados (Formato Mensal).
2026-03-29 13:36:48,986  INFO        [OK] 1997: 397 registros.
2026-03-29 13:36:55,493  INFO        Dados detectados (Formato Mensal).
2026-03-29 13:36:58,433  INFO        [OK] 1998: 409 registros.
2026-03-29 13:37:04,820  INFO        Dados detectados (Formato Mensal).
2026-03-29 13:37:07,832  INFO        [OK] 1999: 445 registros.
2026-03-29 13:37:13,952  INFO        Dados detectados (Formato Mensal).
2026-03-29 13:37:17,069  INFO        [OK] 2000: 493 registros.
2026-03-29 13:37:23,513  INFO        Dados detectados (Formato Mensal).
2026-03-29 13:37:26,656  INFO        [OK] 2001: 493 registros.
2026-03-29 13:37:32,394  INFO        Dados detectados (Formato Mensal).
2026-03-29 13:37:35,803  INFO        [OK] 2002: 625 registros.
2026-03-29 13:37:41,599  INFO        Dados detectados (Formato Mensal).
2026-03-29 13:37:44,994  INFO        [OK] 2003: 625 registros.
2026-03-29 13:37:50,735  INFO        Dados detectados (Formato Mensal).
2026-03-29 13:37:54,305  INFO        [OK] 2004: 625 registros.
2026-03-29 13:38:00,056  INFO        Dados detectados (Formato Mensal).
2026-03-29 13:38:03,776  INFO        [OK] 2005: 769 registros.
2026-03-29 13:38:09,931  INFO        Dados detectados (Formato Mensal).
2026-03-29 13:38:13,610  INFO        [OK] 2006: 733 registros.
2026-03-29 13:38:19,700  INFO        Dados detectados (Formato Mensal).
2026-03-29 13:38:23,226  INFO        [OK] 2007: 661 registros.
2026-03-29 13:38:29,570  INFO        Dados detectados (Formato Mensal).
2026-03-29 13:38:33,097  INFO        [OK] 2008: 661 registros.
2026-03-29 13:38:39,256  INFO        Dados detectados (Formato Mensal).
2026-03-29 13:38:43,656  INFO        [OK] 2009: 625 registros.
2026-03-29 13:38:50,148  INFO        Dados detectados (Formato Mensal).
2026-03-29 13:38:53,675  INFO        [OK] 2010: 673 registros.
2026-03-29 13:39:00,228  INFO        Dados detectados (Formato Mensal).
2026-03-29 13:39:03,524  INFO        [OK] 2011: 541 registros.
2026-03-29 13:39:09,272  INFO        Dados detectados (Formato Mensal).
2026-03-29 13:39:12,541  INFO        [OK] 2012: 541 registros.
2026-03-29 13:39:18,286  INFO        Dados detectados (Formato Mensal).
2026-03-29 13:39:21,459  INFO        [OK] 2013: 505 registros.
2026-03-29 13:39:27,205  INFO        Dados detectados (Formato Mensal).
2026-03-29 13:39:30,182  INFO        [OK] 2014: 409 registros.
2026-03-29 13:39:35,934  INFO        Dados detectados (Formato Mensal).
2026-03-29 13:39:38,874  INFO        [OK] 2015: 409 registros.
2026-03-29 13:39:44,743  INFO        Dados detectados (Formato Mensal).
2026-03-29 13:39:48,070  INFO        [OK] 2016: 589 registros.
2026-03-29 13:39:53,955  INFO        Dados detectados (Formato Mensal).
2026-03-29 13:39:57,210  INFO        [OK] 2017: 565 registros.
2026-03-29 13:40:03,264  INFO        Dados detectados (Formato Mensal).
2026-03-29 13:40:06,528  INFO        [OK] 2018: 553 registros.
2026-03-29 13:40:13,415  INFO        Dados detectados (Formato Mensal).
2026-03-29 13:40:16,719  INFO        [OK] 2019: 565 registros.
2026-03-29 13:40:22,441  INFO        Dados detectados (Formato Mensal).
2026-03-29 13:40:25,715  INFO        [OK] 2020: 565 registros.
2026-03-29 13:40:32,006  INFO        Dados detectados (Formato Mensal).
2026-03-29 13:40:35,299  INFO        [OK] 2021: 565 registros.
2026-03-29 13:40:41,171  INFO        Dados detectados (Formato Mensal).
2026-03-29 13:40:44,454  INFO        [OK] 2022: 565 registros.
2026-03-29 13:40:50,229  INFO        Dados detectados (Formato Mensal).
2026-03-29 13:40:53,532  INFO        [OK] 2023: 565 registros.
2026-03-29 13:40:59,977  INFO        Dados detectados (Formato Mensal).
2026-03-29 13:41:03,283  INFO        [OK] 2024: 565 registros.
2026-03-29 13:41:09,971  INFO        Dados detectados (Formato Mensal).
2026-03-29 13:41:13,987  INFO        [OK] 2025: 565 registros.
2026-03-29 13:41:19,762  INFO        Dados detectados (Formato Mensal).
2026-03-29 13:41:23,054  INFO        [OK] 2026: 565 registros.
2026-03-29 13:41:24,054  INFO      
>>> PROCESSANDO: Agreste_Pernambucano
2026-03-29 13:41:29,611  INFO        Dados detectados (Formato Mensal).
2026-03-29 13:41:31,954  INFO        [OK] 1961: 142 registros.
2026-03-29 13:41:39,225  INFO        Dados detectados (Formato Mensal).
2026-03-29 13:41:43,845  INFO        [OK] 1962: 565 registros.
2026-03-29 13:41:49,744  INFO        Dados detectados (Formato Mensal).
2026-03-29 13:41:54,082  INFO        [OK] 1963: 565 registros.
2026-03-29 13:41:59,879  INFO        Dados detectados (Formato Mensal).
2026-03-29 13:42:02,704  INFO        [OK] 1964: 313 registros.
2026-03-29 13:42:08,489  INFO        Dados detectados (Formato Mensal).
2026-03-29 13:42:11,265  INFO        [OK] 1965: 313 registros.
2026-03-29 13:42:17,126  INFO        Dados detectados (Formato Mensal).
2026-03-29 13:42:19,894  INFO        [OK] 1966: 313 registros.
2026-03-29 13:42:25,653  INFO        Dados detectados (Formato Mensal).
2026-03-29 13:42:28,434  INFO        [OK] 1967: 313 registros.
2026-03-29 13:42:34,220  INFO        Dados detectados (Formato Mensal).
2026-03-29 13:42:36,999  INFO        [OK] 1968: 313 registros.
2026-03-29 13:42:42,766  INFO        Dados detectados (Formato Mensal).
2026-03-29 13:42:46,289  INFO        [OK] 1969: 661 registros.
2026-03-29 13:42:52,109  INFO        Dados detectados (Formato Mensal).
2026-03-29 13:42:55,691  INFO        [OK] 1970: 661 registros.
2026-03-29 13:43:01,498  INFO        Dados detectados (Formato Mensal).
2026-03-29 13:43:05,053  INFO        [OK] 1971: 661 registros.
2026-03-29 13:43:11,260  INFO        Dados detectados (Formato Mensal).
2026-03-29 13:43:14,853  INFO        [OK] 1972: 661 registros.
2026-03-29 13:43:20,680  INFO        Dados detectados (Formato Mensal).
2026-03-29 13:43:24,236  INFO        [OK] 1973: 661 registros.
2026-03-29 13:43:32,110  INFO        Dados detectados (Formato Mensal).
2026-03-29 13:43:36,241  INFO        [OK] 1974: 865 registros.
2026-03-29 13:43:42,474  INFO        Dados detectados (Formato Mensal).
2026-03-29 13:43:46,696  INFO        [OK] 1975: 877 registros.
2026-03-29 13:43:52,520  INFO        Dados detectados (Formato Mensal).
2026-03-29 13:43:56,735  INFO        [OK] 1976: 877 registros.
2026-03-29 13:44:02,589  INFO        Dados detectados (Formato Mensal).
2026-03-29 13:44:06,844  INFO        [OK] 1977: 877 registros.
2026-03-29 13:44:13,038  INFO        Dados detectados (Formato Mensal).
2026-03-29 13:44:17,192  INFO        [OK] 1978: 877 registros.
2026-03-29 13:44:23,059  INFO        Dados detectados (Formato Mensal).
2026-03-29 13:44:27,394  INFO        [OK] 1979: 877 registros.
2026-03-29 13:44:33,195  INFO        Dados detectados (Formato Mensal).
2026-03-29 13:44:39,221  INFO        [OK] 1980: 1045 registros.
2026-03-29 13:44:45,083  INFO        Dados detectados (Formato Mensal).
2026-03-29 13:44:49,605  INFO        [OK] 1981: 1045 registros.
2026-03-29 13:44:55,427  INFO        Dados detectados (Formato Mensal).
2026-03-29 13:45:00,005  INFO        [OK] 1982: 1045 registros.
2026-03-29 13:45:07,149  INFO        Dados detectados (Formato Mensal).
2026-03-29 13:45:11,738  INFO        [OK] 1983: 1057 registros.
2026-03-29 13:45:17,575  INFO        Dados detectados (Formato Mensal).
2026-03-29 13:45:22,144  INFO        [OK] 1984: 1057 registros.
2026-03-29 13:45:28,021  INFO        Dados detectados (Formato Mensal).
2026-03-29 13:45:32,544  INFO        [OK] 1985: 1057 registros.
2026-03-29 13:45:40,888  INFO        Dados detectados (Formato Mensal).
2026-03-29 13:45:45,422  INFO        [OK] 1986: 1045 registros.
2026-03-29 13:45:51,271  INFO        Dados detectados (Formato Mensal).
2026-03-29 13:45:56,472  INFO        [OK] 1987: 1045 registros.
2026-03-29 13:46:03,708  INFO        Dados detectados (Formato Mensal).
2026-03-29 13:46:08,184  INFO        [OK] 1988: 1045 registros.
2026-03-29 13:46:14,091  INFO        Dados detectados (Formato Mensal).
2026-03-29 13:46:19,964  INFO        [OK] 1989: 1045 registros.
2026-03-29 13:46:25,848  INFO        Dados detectados (Formato Mensal).
2026-03-29 13:46:30,396  INFO        [OK] 1990: 1045 registros.
2026-03-29 13:46:37,645  INFO        Dados detectados (Formato Mensal).
2026-03-29 13:46:42,204  INFO        [OK] 1991: 1045 registros.
2026-03-29 13:46:48,051  INFO        Dados detectados (Formato Mensal).
2026-03-29 13:46:52,552  INFO        [OK] 1992: 1045 registros.
2026-03-29 13:47:00,132  INFO        Dados detectados (Formato Mensal).
2026-03-29 13:47:04,620  INFO        [OK] 1993: 1033 registros.
2026-03-29 13:47:10,420  INFO        Dados detectados (Formato Mensal).
2026-03-29 13:47:14,958  INFO        [OK] 1994: 1033 registros.
2026-03-29 13:47:20,760  INFO        Dados detectados (Formato Mensal).
2026-03-29 13:47:25,242  INFO        [OK] 1995: 1033 registros.
2026-03-29 13:47:32,671  INFO        Dados detectados (Formato Mensal).
2026-03-29 13:47:37,148  INFO        [OK] 1996: 1021 registros.
2026-03-29 13:47:44,364  INFO        Dados detectados (Formato Mensal).
2026-03-29 13:47:48,754  INFO        [OK] 1997: 997 registros.
2026-03-29 13:47:54,681  INFO        Dados detectados (Formato Mensal).
2026-03-29 13:47:59,033  INFO        [OK] 1998: 985 registros.
2026-03-29 13:48:04,870  INFO        Dados detectados (Formato Mensal).
2026-03-29 13:48:10,345  INFO        [OK] 1999: 973 registros.
2026-03-29 13:48:16,157  INFO        Dados detectados (Formato Mensal).
2026-03-29 13:48:22,074  INFO        [OK] 2000: 973 registros.
2026-03-29 13:48:29,079  INFO        Dados detectados (Formato Mensal).
2026-03-29 13:48:33,357  INFO        [OK] 2001: 949 registros.
2026-03-29 13:48:39,224  INFO        Dados detectados (Formato Mensal).
2026-03-29 13:48:43,487  INFO        [OK] 2002: 949 registros.
2026-03-29 13:48:49,299  INFO        Dados detectados (Formato Mensal).
2026-03-29 13:48:53,524  INFO        [OK] 2003: 949 registros.
2026-03-29 13:49:01,862  INFO        Dados detectados (Formato Mensal).
2026-03-29 13:49:06,767  INFO        [OK] 2004: 1213 registros.
2026-03-29 13:49:12,642  INFO        Dados detectados (Formato Mensal).
2026-03-29 13:49:18,375  INFO        [OK] 2005: 937 registros.
2026-03-29 13:49:24,249  INFO        Dados detectados (Formato Mensal).
2026-03-29 13:49:30,682  INFO        [OK] 2006: 937 registros.
2026-03-29 13:49:36,551  INFO        Dados detectados (Formato Mensal).
2026-03-29 13:49:41,080  INFO        [OK] 2007: 937 registros.
2026-03-29 13:49:46,940  INFO        Dados detectados (Formato Mensal).
2026-03-29 13:49:51,313  INFO        [OK] 2008: 937 registros.
2026-03-29 13:49:58,235  INFO        Dados detectados (Formato Mensal).
2026-03-29 13:50:02,516  INFO        [OK] 2009: 949 registros.
2026-03-29 13:50:08,843  INFO        Dados detectados (Formato Mensal).
2026-03-29 13:50:13,006  INFO        [OK] 2010: 925 registros.
2026-03-29 13:50:18,909  INFO        Dados detectados (Formato Mensal).
2026-03-29 13:50:23,176  INFO        [OK] 2011: 925 registros.
2026-03-29 13:50:29,034  INFO        Dados detectados (Formato Mensal).
2026-03-29 13:50:35,526  INFO        [OK] 2012: 877 registros.
2026-03-29 13:50:41,383  INFO        Dados detectados (Formato Mensal).
2026-03-29 13:50:45,540  INFO        [OK] 2013: 877 registros.
2026-03-29 13:50:51,821  INFO        Dados detectados (Formato Mensal).
2026-03-29 13:50:55,902  INFO        [OK] 2014: 877 registros.
2026-03-29 13:51:01,798  INFO        Dados detectados (Formato Mensal).
2026-03-29 13:51:06,594  INFO        [OK] 2015: 853 registros.
2026-03-29 13:51:14,415  INFO        Dados detectados (Formato Mensal).
2026-03-29 13:51:18,014  INFO        [OK] 2016: 661 registros.
2026-03-29 13:51:23,823  INFO        Dados detectados (Formato Mensal).
2026-03-29 13:51:27,322  INFO        [OK] 2017: 613 registros.
2026-03-29 13:51:33,235  INFO        Dados detectados (Formato Mensal).
2026-03-29 13:51:36,528  INFO        [OK] 2018: 529 registros.
2026-03-29 13:51:42,313  INFO        Dados detectados (Formato Mensal).
2026-03-29 13:51:45,635  INFO        [OK] 2019: 529 registros.
2026-03-29 13:51:51,414  INFO        Dados detectados (Formato Mensal).
2026-03-29 13:51:54,733  INFO        [OK] 2020: 529 registros.
2026-03-29 13:52:00,503  INFO        Dados detectados (Formato Mensal).
2026-03-29 13:52:03,818  INFO        [OK] 2021: 529 registros.
2026-03-29 13:52:09,835  INFO        Dados detectados (Formato Mensal).
2026-03-29 13:52:13,077  INFO        [OK] 2022: 529 registros.
2026-03-29 13:52:18,879  INFO        Dados detectados (Formato Mensal).
2026-03-29 13:52:22,137  INFO        [OK] 2023: 529 registros.
2026-03-29 13:52:27,914  INFO        Dados detectados (Formato Mensal).
2026-03-29 13:52:31,214  INFO        [OK] 2024: 529 registros.
2026-03-29 13:52:39,518  INFO        Dados detectados (Formato Mensal).
2026-03-29 13:52:43,535  INFO        [OK] 2025: 877 registros.
2026-03-29 13:52:51,165  INFO        Dados detectados (Formato Mensal).
2026-03-29 13:52:55,224  INFO        [OK] 2026: 877 registros.
2026-03-29 13:52:56,224  INFO      
>>> PROCESSANDO: Sao_Francisco_Pernambucano
2026-03-29 13:53:01,069  INFO        Dados detectados (Formato Mensal).
2026-03-29 13:53:05,204  INFO        [OK] 1961: 877 registros.
2026-03-29 13:53:13,271  INFO        Dados detectados (Formato Mensal).
2026-03-29 13:53:17,647  INFO        [OK] 1962: 1009 registros.
2026-03-29 13:53:24,899  INFO        Dados detectados (Formato Mensal).
2026-03-29 13:53:29,327  INFO        [OK] 1963: 1009 registros.
2026-03-29 13:53:35,185  INFO        Dados detectados (Formato Mensal).
2026-03-29 13:53:39,646  INFO        [OK] 1964: 1009 registros.
2026-03-29 13:53:45,480  INFO        Dados detectados (Formato Mensal).
2026-03-29 13:53:49,914  INFO        [OK] 1965: 1009 registros.
2026-03-29 13:53:55,770  INFO        Dados detectados (Formato Mensal).
2026-03-29 13:54:00,368  INFO        [OK] 1966: 1009 registros.
2026-03-29 13:54:06,228  INFO        Dados detectados (Formato Mensal).
2026-03-29 13:54:10,661  INFO        [OK] 1967: 1009 registros.
2026-03-29 13:54:16,520  INFO        Dados detectados (Formato Mensal).
2026-03-29 13:54:21,007  INFO        [OK] 1968: 1009 registros.
2026-03-29 13:54:26,880  INFO        Dados detectados (Formato Mensal).
2026-03-29 13:54:31,399  INFO        [OK] 1969: 1009 registros.
2026-03-29 13:54:38,799  INFO        Dados detectados (Formato Mensal).
2026-03-29 13:54:46,949  INFO        [OK] 1970: 1105 registros.
2026-03-29 13:54:55,470  INFO        Dados detectados (Formato Mensal).
2026-03-29 13:55:00,641  INFO        [OK] 1971: 1345 registros.
2026-03-29 13:55:09,167  INFO        Dados detectados (Formato Mensal).
2026-03-29 13:55:13,390  INFO        [OK] 1972: 925 registros.
2026-03-29 13:55:19,233  INFO        Dados detectados (Formato Mensal).
2026-03-29 13:55:23,444  INFO        [OK] 1973: 925 registros.
2026-03-29 13:55:29,244  INFO        Dados detectados (Formato Mensal).
2026-03-29 13:55:33,447  INFO        [OK] 1974: 925 registros.
2026-03-29 13:55:39,247  INFO        Dados detectados (Formato Mensal).
2026-03-29 13:55:43,432  INFO        [OK] 1975: 925 registros.
2026-03-29 13:55:49,711  INFO        Dados detectados (Formato Mensal).
2026-03-29 13:55:53,086  INFO        [OK] 1976: 541 registros.
2026-03-29 13:55:58,916  INFO        Dados detectados (Formato Mensal).
2026-03-29 13:56:02,445  INFO        [OK] 1977: 637 registros.
2026-03-29 13:56:08,873  INFO        Dados detectados (Formato Mensal).
2026-03-29 13:56:12,530  INFO        [OK] 1978: 661 registros.
2026-03-29 13:56:22,924  INFO        Dados detectados (Formato Mensal).
2026-03-29 13:56:27,147  INFO        [OK] 1979: 901 registros.
2026-03-29 13:56:32,999  INFO        Dados detectados (Formato Mensal).
2026-03-29 13:56:37,207  INFO        [OK] 1980: 901 registros.
2026-03-29 13:56:45,505  INFO        Dados detectados (Formato Mensal).
2026-03-29 13:56:49,019  INFO        [OK] 1981: 625 registros.
2026-03-29 13:56:54,819  INFO        Dados detectados (Formato Mensal).
2026-03-29 13:56:58,354  INFO        [OK] 1982: 625 registros.
2026-03-29 13:57:04,175  INFO        Dados detectados (Formato Mensal).
2026-03-29 13:57:07,576  INFO        [OK] 1983: 589 registros.
2026-03-29 13:57:13,358  INFO        Dados detectados (Formato Mensal).
2026-03-29 13:57:16,833  INFO        [OK] 1984: 589 registros.
2026-03-29 13:57:22,662  INFO        Dados detectados (Formato Mensal).
2026-03-29 13:57:26,125  INFO        [OK] 1985: 589 registros.
2026-03-29 13:57:31,945  INFO        Dados detectados (Formato Mensal).
2026-03-29 13:57:35,393  INFO        [OK] 1986: 589 registros.
2026-03-29 13:57:41,181  INFO        Dados detectados (Formato Mensal).
2026-03-29 13:57:44,633  INFO        [OK] 1987: 589 registros.
2026-03-29 13:57:52,771  INFO        Dados detectados (Formato Mensal).
2026-03-29 13:57:57,218  INFO        [OK] 1988: 1009 registros.
2026-03-29 13:58:08,155  INFO        Dados detectados (Formato Mensal).
2026-03-29 13:58:12,473  INFO        [OK] 1989: 961 registros.
2026-03-29 13:58:18,324  INFO        Dados detectados (Formato Mensal).
2026-03-29 13:58:22,622  INFO        [OK] 1990: 961 registros.
2026-03-29 13:58:28,472  INFO        Dados detectados (Formato Mensal).
2026-03-29 13:58:32,778  INFO        [OK] 1991: 961 registros.
2026-03-29 13:58:39,569  INFO        Dados detectados (Formato Mensal).
2026-03-29 13:58:43,919  INFO        [OK] 1992: 973 registros.
2026-03-29 13:58:50,782  INFO        Dados detectados (Formato Mensal).
2026-03-29 13:58:55,163  INFO        [OK] 1993: 973 registros.
2026-03-29 13:59:01,016  INFO        Dados detectados (Formato Mensal).
2026-03-29 13:59:05,418  INFO        [OK] 1994: 973 registros.
2026-03-29 13:59:11,318  INFO        Dados detectados (Formato Mensal).
2026-03-29 13:59:15,712  INFO        [OK] 1995: 973 registros.
2026-03-29 13:59:21,595  INFO        Dados detectados (Formato Mensal).
2026-03-29 13:59:26,000  INFO        [OK] 1996: 973 registros.
2026-03-29 13:59:36,369  INFO        Dados detectados (Formato Mensal).
2026-03-29 13:59:42,467  INFO        [OK] 1997: 973 registros.
2026-03-29 13:59:51,880  INFO        Dados detectados (Formato Mensal).
2026-03-29 13:59:56,275  INFO        [OK] 1998: 985 registros.
2026-03-29 14:00:02,422  INFO        Dados detectados (Formato Mensal).
2026-03-29 14:00:05,116  INFO        [OK] 1999: 247 registros.
2026-03-29 14:00:10,901  INFO        Dados detectados (Formato Mensal).
2026-03-29 14:00:13,330  INFO        [OK] 2000: 145 registros.
2026-03-29 14:00:19,174  INFO        Dados detectados (Formato Mensal).
2026-03-29 14:00:23,416  INFO        [OK] 2001: 985 registros.
2026-03-29 14:00:30,874  INFO        Dados detectados (Formato Mensal).
2026-03-29 14:00:34,014  INFO        [OK] 2002: 469 registros.
2026-03-29 14:00:39,799  INFO        Dados detectados (Formato Mensal).
2026-03-29 14:00:42,911  INFO        [OK] 2003: 469 registros.
2026-03-29 14:00:48,923  INFO        Dados detectados (Formato Mensal).
2026-03-29 14:00:52,018  INFO        [OK] 2004: 457 registros.
2026-03-29 14:00:58,814  INFO        Dados detectados (Formato Mensal).
2026-03-29 14:01:01,974  INFO        [OK] 2005: 469 registros.
2026-03-29 14:01:08,124  INFO        Dados detectados (Formato Mensal).
2026-03-29 14:01:12,646  INFO        [OK] 2006: 985 registros.
2026-03-29 14:01:20,504  INFO        Dados detectados (Formato Mensal).
2026-03-29 14:01:23,640  INFO        [OK] 2007: 457 registros.
2026-03-29 14:01:29,412  INFO        Dados detectados (Formato Mensal).
2026-03-29 14:01:32,882  INFO        [OK] 2008: 457 registros.
2026-03-29 14:02:18,161  INFO        Dados detectados (Formato Mensal).
2026-03-29 14:02:22,245  INFO        [OK] 2009: 481 registros.
2026-03-29 14:02:29,548  INFO        Dados detectados (Formato Mensal).
2026-03-29 14:02:32,618  INFO        [OK] 2010: 445 registros.
2026-03-29 14:02:38,475  INFO        Dados detectados (Formato Mensal).
2026-03-29 14:02:46,856  INFO        [OK] 2011: 445 registros.
2026-03-29 14:02:54,772  INFO        Dados detectados (Formato Mensal).
2026-03-29 14:02:57,851  INFO        [OK] 2012: 421 registros.
2026-03-29 14:03:03,651  INFO        Dados detectados (Formato Mensal).
2026-03-29 14:03:06,692  INFO        [OK] 2013: 421 registros.
2026-03-29 14:03:12,510  INFO        Dados detectados (Formato Mensal).
2026-03-29 14:03:15,576  INFO        [OK] 2014: 421 registros.
2026-03-29 14:03:39,922  INFO        Dados detectados (Formato Mensal).
2026-03-29 14:03:43,438  INFO        [OK] 2015: 409 registros.
2026-03-29 14:03:49,492  INFO        Dados detectados (Formato Mensal).
2026-03-29 14:03:52,564  INFO        [OK] 2016: 409 registros.
2026-03-29 14:03:58,832  INFO        Dados detectados (Formato Mensal).
2026-03-29 14:04:01,749  INFO        [OK] 2017: 373 registros.
2026-03-29 14:04:07,561  INFO        Dados detectados (Formato Mensal).
2026-03-29 14:04:11,071  INFO        [OK] 2018: 373 registros.
2026-03-29 14:04:22,734  INFO        Dados detectados (Formato Mensal).
2026-03-29 14:04:25,819  INFO        [OK] 2019: 361 registros.
2026-03-29 14:04:32,190  INFO        Dados detectados (Formato Mensal).
2026-03-29 14:04:34,938  INFO        [OK] 2020: 289 registros.
2026-03-29 14:04:40,750  INFO        Dados detectados (Formato Mensal).
2026-03-29 14:04:43,921  INFO        [OK] 2021: 457 registros.
2026-03-29 14:04:49,740  INFO        Dados detectados (Formato Mensal).
2026-03-29 14:04:52,837  INFO        [OK] 2022: 457 registros.
2026-03-29 14:05:10,573  INFO        Dados detectados (Formato Mensal).
2026-03-29 14:05:14,470  INFO        [OK] 2023: 457 registros.
2026-03-29 14:05:20,379  INFO        Dados detectados (Formato Mensal).
2026-03-29 14:05:23,533  INFO        [OK] 2024: 457 registros.
2026-03-29 14:05:41,381  INFO        Dados detectados (Formato Mensal).
2026-03-29 14:05:44,585  INFO        [OK] 2025: 397 registros.
2026-03-29 14:05:52,078  INFO        Dados detectados (Formato Mensal).
2026-03-29 14:05:55,161  INFO        [OK] 2026: 373 registros.
2026-03-29 14:05:56,165  INFO      
>>> PROCESSANDO: Sertao_Pernambucano
2026-03-29 14:06:01,132  INFO        Dados detectados (Formato Mensal).
2026-03-29 14:06:03,772  INFO        [OK] 1961: 241 registros.
2026-03-29 14:06:10,131  INFO        Dados detectados (Formato Mensal).
2026-03-29 14:06:14,234  INFO        [OK] 1962: 373 registros.
2026-03-29 14:06:26,235  INFO        Dados detectados (Formato Mensal).
2026-03-29 14:06:28,968  INFO        [OK] 1963: 277 registros.
2026-03-29 14:06:34,800  INFO        Dados detectados (Formato Mensal).
2026-03-29 14:06:37,512  INFO        [OK] 1964: 277 registros.
2026-03-29 14:06:43,309  INFO        Dados detectados (Formato Mensal).
2026-03-29 14:06:46,588  INFO        [OK] 1965: 313 registros.
2026-03-29 14:06:52,569  INFO        Dados detectados (Formato Mensal).
2026-03-29 14:06:55,356  INFO        [OK] 1966: 301 registros.
2026-03-29 14:07:07,349  INFO        Dados detectados (Formato Mensal).
2026-03-29 14:07:10,165  INFO        [OK] 1967: 301 registros.
2026-03-29 14:07:17,690  INFO        Dados detectados (Formato Mensal).
2026-03-29 14:07:20,467  INFO        [OK] 1968: 301 registros.
2026-03-29 14:07:26,666  INFO        Dados detectados (Formato Mensal).
2026-03-29 14:07:29,414  INFO        [OK] 1969: 301 registros.
2026-03-29 14:07:45,929  INFO        Dados detectados (Formato Mensal).
2026-03-29 14:07:48,729  INFO        [OK] 1970: 301 registros.
2026-03-29 14:07:54,773  INFO        Dados detectados (Formato Mensal).
2026-03-29 14:07:57,542  INFO        [OK] 1971: 301 registros.
2026-03-29 14:08:03,336  INFO        Dados detectados (Formato Mensal).
2026-03-29 14:08:06,086  INFO        [OK] 1972: 301 registros.
2026-03-29 14:08:11,978  INFO        Dados detectados (Formato Mensal).
2026-03-29 14:08:14,805  INFO        [OK] 1973: 301 registros.
2026-03-29 14:08:20,583  INFO        Dados detectados (Formato Mensal).
2026-03-29 14:08:23,776  INFO        [OK] 1974: 397 registros.
2026-03-29 14:08:29,554  INFO        Dados detectados (Formato Mensal).
2026-03-29 14:08:32,536  INFO        [OK] 1975: 397 registros.
2026-03-29 14:08:38,329  INFO        Dados detectados (Formato Mensal).
2026-03-29 14:08:41,346  INFO        [OK] 1976: 397 registros.
2026-03-29 14:08:47,146  INFO        Dados detectados (Formato Mensal).
2026-03-29 14:08:50,142  INFO        [OK] 1977: 397 registros.
2026-03-29 14:08:55,921  INFO        Dados detectados (Formato Mensal).
2026-03-29 14:08:58,910  INFO        [OK] 1978: 397 registros.
2026-03-29 14:09:04,707  INFO        Dados detectados (Formato Mensal).
2026-03-29 14:09:07,669  INFO        [OK] 1979: 397 registros.
2026-03-29 14:09:13,465  INFO        Dados detectados (Formato Mensal).
2026-03-29 14:09:19,055  INFO        [OK] 1980: 1069 registros.
2026-03-29 14:09:24,939  INFO        Dados detectados (Formato Mensal).
2026-03-29 14:10:01,533  INFO        [OK] 1981: 1081 registros.
2026-03-29 14:10:09,305  INFO        Dados detectados (Formato Mensal).
2026-03-29 14:10:14,308  INFO        [OK] 1982: 1081 registros.
2026-03-29 14:10:20,196  INFO        Dados detectados (Formato Mensal).
2026-03-29 14:10:24,916  INFO        [OK] 1983: 1081 registros.
2026-03-29 14:10:33,567  INFO        Dados detectados (Formato Mensal).
2026-03-29 14:10:38,158  INFO        [OK] 1984: 1081 registros.
2026-03-29 14:10:44,085  INFO        Dados detectados (Formato Mensal).
2026-03-29 14:10:48,656  INFO        [OK] 1985: 1081 registros.
2026-03-29 14:10:54,548  INFO        Dados detectados (Formato Mensal).
2026-03-29 14:10:59,236  INFO        [OK] 1986: 1081 registros.
2026-03-29 14:11:05,139  INFO        Dados detectados (Formato Mensal).
2026-03-29 14:11:09,809  INFO        [OK] 1987: 1081 registros.
2026-03-29 14:11:15,689  INFO        Dados detectados (Formato Mensal).
2026-03-29 14:11:20,332  INFO        [OK] 1988: 1081 registros.
2026-03-29 14:12:17,873  INFO        Dados detectados (Formato Mensal).
2026-03-29 14:12:25,108  INFO        [OK] 1989: 1081 registros.
2026-03-29 14:12:31,320  INFO        Dados detectados (Formato Mensal).
2026-03-29 14:12:35,963  INFO        [OK] 1990: 1093 registros.
2026-03-29 14:12:41,846  INFO        Dados detectados (Formato Mensal).
2026-03-29 14:12:46,524  INFO        [OK] 1991: 1093 registros.
2026-03-29 14:12:52,376  INFO        Dados detectados (Formato Mensal).
2026-03-29 14:12:57,052  INFO        [OK] 1992: 1093 registros.
2026-03-29 14:13:02,910  INFO        Dados detectados (Formato Mensal).
2026-03-29 14:13:07,552  INFO        [OK] 1993: 1093 registros.
2026-03-29 14:13:13,441  INFO        Dados detectados (Formato Mensal).
2026-03-29 14:13:18,172  INFO        [OK] 1994: 1093 registros.
2026-03-29 14:14:16,217  INFO        Dados detectados (Formato Mensal).
2026-03-29 14:14:22,507  INFO        [OK] 1995: 1081 registros.
2026-03-29 14:14:28,440  INFO        Dados detectados (Formato Mensal).
2026-03-29 14:14:33,009  INFO        [OK] 1996: 1045 registros.
2026-03-29 14:14:38,925  INFO        Dados detectados (Formato Mensal).
2026-03-29 14:14:43,534  INFO        [OK] 1997: 1045 registros.
2026-03-29 14:14:49,369  INFO        Dados detectados (Formato Mensal).
2026-03-29 14:14:53,867  INFO        [OK] 1998: 1045 registros.
2026-03-29 14:14:59,718  INFO        Dados detectados (Formato Mensal).
2026-03-29 14:15:04,240  INFO        [OK] 1999: 1045 registros.
2026-03-29 14:15:10,083  INFO        Dados detectados (Formato Mensal).
2026-03-29 14:15:18,476  INFO        [OK] 2000: 1045 registros.
2026-03-29 14:16:37,331  INFO        Dados detectados (Formato Mensal).
2026-03-29 14:16:42,774  INFO        [OK] 2001: 1033 registros.
2026-03-29 14:16:49,152  INFO        Dados detectados (Formato Mensal).
2026-03-29 14:16:53,726  INFO        [OK] 2002: 1033 registros.
2026-03-29 14:16:59,595  INFO        Dados detectados (Formato Mensal).
2026-03-29 14:17:04,097  INFO        [OK] 2003: 1033 registros.
2026-03-29 14:17:09,971  INFO        Dados detectados (Formato Mensal).
2026-03-29 14:17:14,519  INFO        [OK] 2004: 1033 registros.
2026-03-29 14:17:53,464  INFO        Dados detectados (Formato Mensal).
2026-03-29 14:17:57,880  INFO        [OK] 2005: 793 registros.
2026-03-29 14:18:03,988  INFO        Dados detectados (Formato Mensal).
2026-03-29 14:18:09,638  INFO        [OK] 2006: 793 registros.
2026-03-29 14:18:18,931  INFO        Dados detectados (Formato Mensal).
2026-03-29 14:18:27,909  INFO        [OK] 2007: 793 registros.
2026-03-29 14:18:34,715  INFO        Dados detectados (Formato Mensal).
2026-03-29 14:18:38,622  INFO        [OK] 2008: 685 registros.
2026-03-29 14:18:44,469  INFO        Dados detectados (Formato Mensal).
2026-03-29 14:18:48,240  INFO        [OK] 2009: 685 registros.
2026-03-29 14:18:54,076  INFO        Dados detectados (Formato Mensal).
2026-03-29 14:18:57,778  INFO        [OK] 2010: 685 registros.
2026-03-29 14:19:03,553  INFO        Dados detectados (Formato Mensal).
2026-03-29 14:20:14,712  INFO        [OK] 2011: 1021 registros.
2026-03-29 14:20:21,040  INFO        Dados detectados (Formato Mensal).
2026-03-29 14:20:26,084  INFO        [OK] 2012: 1093 registros.
2026-03-29 14:20:33,181  INFO        Dados detectados (Formato Mensal).
2026-03-29 14:20:37,971  INFO        [OK] 2013: 1093 registros.
2026-03-29 14:21:17,779  INFO        Dados detectados (Formato Mensal).
2026-03-29 14:21:23,276  INFO        [OK] 2014: 841 registros.
2026-03-29 14:21:29,173  INFO        Dados detectados (Formato Mensal).
2026-03-29 14:21:33,268  INFO        [OK] 2015: 841 registros.
2026-03-29 14:21:39,122  INFO        Dados detectados (Formato Mensal).
2026-03-29 14:21:43,156  INFO        [OK] 2016: 841 registros.
2026-03-29 14:21:49,005  INFO        Dados detectados (Formato Mensal).
2026-03-29 14:21:53,047  INFO        [OK] 2017: 841 registros.
2026-03-29 14:21:59,320  INFO        Dados detectados (Formato Mensal).
2026-03-29 14:22:02,897  INFO        [OK] 2018: 661 registros.
2026-03-29 14:22:08,770  INFO        Dados detectados (Formato Mensal).
2026-03-29 14:22:12,604  INFO        [OK] 2019: 757 registros.
2026-03-29 14:22:18,505  INFO        Dados detectados (Formato Mensal).
2026-03-29 14:22:22,410  INFO        [OK] 2020: 805 registros.
2026-03-29 14:22:28,185  INFO        Dados detectados (Formato Mensal).
2026-03-29 14:22:32,136  INFO        [OK] 2021: 805 registros.
2026-03-29 14:22:37,904  INFO        Dados detectados (Formato Mensal).
2026-03-29 14:22:41,929  INFO        [OK] 2022: 805 registros.
2026-03-29 14:22:47,702  INFO        Dados detectados (Formato Mensal).
2026-03-29 14:22:51,678  INFO        [OK] 2023: 805 registros.
2026-03-29 14:22:57,456  INFO        Dados detectados (Formato Mensal).
2026-03-29 14:23:01,433  INFO        [OK] 2024: 805 registros.
2026-03-29 14:23:58,232  INFO        Dados detectados (Formato Mensal).
2026-03-29 14:24:03,686  INFO        [OK] 2025: 745 registros.
2026-03-29 14:24:09,826  INFO        Dados detectados (Formato Mensal).
2026-03-29 14:24:13,938  INFO        [OK] 2026: 745 registros.
2026-03-30 17:07:23,876  INFO      
>>> PROCESSANDO: Metropolitana_Recife (ID: 2605)
2026-03-30 17:07:23,876  INFO      Acessando http://old.apac.pe.gov.br/meteorologia/monitoramento-pluvio.php
2026-03-30 17:07:32,920  INFO        Mesorregião 2605 selecionada.
2026-03-30 17:07:33,431  INFO        Datas definidas: 01/01/1961 a 31/12/1961
2026-03-30 17:07:37,515  INFO        Dados detectados na tabela.
2026-03-30 17:07:39,837  WARNING     Tabela não tem colunas esperadas ['Código', 'Posto', 'Mês/Ano']. Colunas encontradas: ['0', '1', '2', '3', '4', '5', '6', '7']. Descartando.
2026-03-30 17:07:39,839  WARNING     [!] 1961: Sem dados válidos para este ano.
2026-03-30 17:07:41,352  INFO        Datas definidas: 01/01/1962 a 31/12/1962
2026-03-30 17:07:44,404  INFO        Dados detectados na tabela.
2026-03-30 17:07:46,639  WARNING     Tabela não tem colunas esperadas ['Código', 'Posto', 'Mês/Ano']. Colunas encontradas: ['0', '1', '2', '3', '4', '5', '6', '7']. Descartando.
2026-03-30 17:07:46,640  WARNING     [!] 1962: Sem dados válidos para este ano.
2026-03-30 17:07:48,151  INFO        Datas definidas: 01/01/1963 a 31/12/1963
2026-03-30 17:07:51,204  INFO        Dados detectados na tabela.
2026-03-30 17:07:53,391  WARNING     Tabela não tem colunas esperadas ['Código', 'Posto', 'Mês/Ano']. Colunas encontradas: ['0', '1', '2', '3', '4', '5', '6', '7']. Descartando.
2026-03-30 17:07:53,392  WARNING     [!] 1963: Sem dados válidos para este ano.
2026-03-30 17:07:54,899  INFO        Datas definidas: 01/01/1964 a 31/12/1964
2026-03-30 17:07:57,936  INFO        Dados detectados na tabela.
2026-03-30 17:08:00,188  WARNING     Tabela não tem colunas esperadas ['Código', 'Posto', 'Mês/Ano']. Colunas encontradas: ['0', '1', '2', '3', '4', '5', '6', '7']. Descartando.
2026-03-30 17:08:00,188  WARNING     [!] 1964: Sem dados válidos para este ano.
2026-03-30 17:08:01,698  INFO        Datas definidas: 01/01/1965 a 31/12/1965
2026-03-30 17:08:04,733  INFO        Dados detectados na tabela.
2026-03-30 17:08:07,097  WARNING     Tabela não tem colunas esperadas ['Código', 'Posto', 'Mês/Ano']. Colunas encontradas: ['0', '1', '2', '3', '4', '5', '6', '7']. Descartando.
2026-03-30 17:08:07,098  WARNING     [!] 1965: Sem dados válidos para este ano.
2026-03-30 17:08:08,607  INFO        Datas definidas: 01/01/1966 a 31/12/1966
2026-03-30 17:08:11,647  INFO        Dados detectados na tabela.
2026-03-30 17:08:14,022  WARNING     Tabela não tem colunas esperadas ['Código', 'Posto', 'Mês/Ano']. Colunas encontradas: ['0', '1', '2', '3', '4', '5', '6', '7']. Descartando.
2026-03-30 17:08:14,023  WARNING     [!] 1966: Sem dados válidos para este ano.
2026-03-30 17:08:15,529  INFO        Datas definidas: 01/01/1967 a 31/12/1967
2026-03-30 17:08:18,568  INFO        Dados detectados na tabela.
2026-03-30 17:08:19,888  WARNING   Retrying (Retry(total=2, connect=None, read=None, redirect=None, status=None)) after connection broken by 'ConnectionResetError(10054, 'Foi forçado o cancelamento de uma conexão existente pelo host remoto', None, 10054, None)': /session/d06fe76f26b46a6cbe2805a2ab42ce10
2026-03-30 17:08:23,916  WARNING   Retrying (Retry(total=1, connect=None, read=None, redirect=None, status=None)) after connection broken by 'NewConnectionError("HTTPConnection(host='localhost', port=51587): Failed to establish a new connection: [WinError 10061] Nenhuma conexão pôde ser feita porque a máquina de destino as recusou ativamente")': /session/d06fe76f26b46a6cbe2805a2ab42ce10
2026-03-30 17:08:27,933  WARNING   Retrying (Retry(total=0, connect=None, read=None, redirect=None, status=None)) after connection broken by 'NewConnectionError("HTTPConnection(host='localhost', port=51587): Failed to establish a new connection: [WinError 10061] Nenhuma conexão pôde ser feita porque a máquina de destino as recusou ativamente")': /session/d06fe76f26b46a6cbe2805a2ab42ce10
